{"/Users/vylpes/projects/sonar/src/constants/UserProjectRole.ts": {"path":"/Users/vylpes/projects/sonar/src/constants/UserProjectRole.ts","statementMap":{"0":{"start":{"line":1,"column":0},"end":{"line":1,"column":null}},"1":{"start":{"line":2,"column":4},"end":{"line":2,"column":null}},"2":{"start":{"line":3,"column":4},"end":{"line":3,"column":null}},"3":{"start":{"line":4,"column":4},"end":{"line":4,"column":null}},"4":{"start":{"line":7,"column":0},"end":{"line":7,"column":null}},"5":{"start":{"line":8,"column":4},"end":{"line":8,"column":null}},"6":{"start":{"line":9,"column":4},"end":{"line":9,"column":null}},"7":{"start":{"line":10,"column":4},"end":{"line":10,"column":null}},"8":{"start":{"line":11,"column":4},"end":{"line":11,"column":null}},"9":{"start":{"line":12,"column":4},"end":{"line":12,"column":null}},"10":{"start":{"line":13,"column":4},"end":{"line":13,"column":null}},"11":{"start":{"line":14,"column":4},"end":{"line":14,"column":null}},"12":{"start":{"line":15,"column":4},"end":{"line":15,"column":null}},"13":{"start":{"line":16,"column":4},"end":{"line":16,"column":null}},"14":{"start":{"line":17,"column":4},"end":{"line":17,"column":null}}},"fnMap":{"0":{"name":"(anonymous_0)","decl":{"start":{"line":1,"column":0},"end":{"line":1,"column":12}},"loc":{"start":{"line":1,"column":27},"end":{"line":5,"column":1}}},"1":{"name":"(anonymous_1)","decl":{"start":{"line":7,"column":0},"end":{"line":7,"column":12}},"loc":{"start":{"line":7,"column":34},"end":{"line":18,"column":1}}}},"branchMap":{"0":{"loc":{"start":{"line":1,"column":12},"end":{"line":1,"column":27}},"type":"binary-expr","locations":[{"start":{"line":1,"column":12},"end":{"line":1,"column":27}},{"start":{"line":1,"column":12},"end":{"line":1,"column":null}}]},"1":{"loc":{"start":{"line":7,"column":12},"end":{"line":7,"column":34}},"type":"binary-expr","locations":[{"start":{"line":7,"column":12},"end":{"line":7,"column":34}},{"start":{"line":7,"column":12},"end":{"line":7,"column":null}}]}},"s":{"0":20,"1":20,"2":20,"3":20,"4":20,"5":20,"6":20,"7":20,"8":20,"9":20,"10":20,"11":20,"12":20,"13":20,"14":20},"f":{"0":20,"1":20},"b":{"0":[20,20],"1":[20,20]}}
,"/Users/vylpes/projects/sonar/src/contracts/IBasicResponse.ts": {"path":"/Users/vylpes/projects/sonar/src/contracts/IBasicResponse.ts","statementMap":{"0":{"start":{"line":7,"column":4},"end":{"line":10,"column":null}},"1":{"start":{"line":6,"column":0},"end":{"line":6,"column":16}}},"fnMap":{"0":{"name":"GenerateResponse","decl":{"start":{"line":6,"column":16},"end":{"line":6,"column":32}},"loc":{"start":{"line":6,"column":76},"end":{"line":11,"column":1}}}},"branchMap":{"0":{"loc":{"start":{"line":6,"column":54},"end":{"line":6,"column":58}},"type":"default-arg","locations":[{"start":{"line":6,"column":54},"end":{"line":6,"column":58}}]}},"s":{"0":9,"1":21},"f":{"0":9},"b":{"0":[3]}}
,"/Users/vylpes/projects/sonar/src/contracts/Page.ts": {"path":"/Users/vylpes/projects/sonar/src/contracts/Page.ts","statementMap":{"0":{"start":{"line":13,"column":8},"end":{"line":13,"column":30}},"1":{"start":{"line":17,"column":8},"end":{"line":17,"column":28}},"2":{"start":{"line":21,"column":8},"end":{"line":21,"column":21}},"3":{"start":{"line":22,"column":8},"end":{"line":22,"column":22}},"4":{"start":{"line":9,"column":0},"end":{"line":9,"column":13}}},"fnMap":{"0":{"name":"(anonymous_0)","decl":{"start":{"line":12,"column":4},"end":{"line":12,"column":16}},"loc":{"start":{"line":12,"column":30},"end":{"line":14,"column":5}}},"1":{"name":"(anonymous_1)","decl":{"start":{"line":16,"column":4},"end":{"line":16,"column":8}},"loc":{"start":{"line":16,"column":14},"end":{"line":18,"column":5}}},"2":{"name":"(anonymous_2)","decl":{"start":{"line":20,"column":4},"end":{"line":20,"column":9}},"loc":{"start":{"line":20,"column":9},"end":{"line":23,"column":5}}},"3":{"name":"(anonymous_3)","decl":{"start":{"line":25,"column":4},"end":{"line":25,"column":9}},"loc":{"start":{"line":25,"column":9},"end":{"line":25,"column":14}}},"4":{"name":"(anonymous_4)","decl":{"start":{"line":27,"column":4},"end":{"line":27,"column":10}},"loc":{"start":{"line":27,"column":10},"end":{"line":27,"column":15}}}},"branchMap":{},"s":{"0":86,"1":85,"2":1,"3":1,"4":21},"f":{"0":86,"1":85,"2":1,"3":1,"4":1},"b":{}}
,"/Users/vylpes/projects/sonar/src/contracts/Route.ts": {"path":"/Users/vylpes/projects/sonar/src/contracts/Route.ts","statementMap":{"0":{"start":{"line":1,"column":0},"end":{"line":1,"column":32}},"1":{"start":{"line":11,"column":8},"end":{"line":11,"column":32}},"2":{"start":{"line":15,"column":8},"end":{"line":15,"column":28}},"3":{"start":{"line":19,"column":8},"end":{"line":19,"column":28}},"4":{"start":{"line":7,"column":0},"end":{"line":7,"column":13}}},"fnMap":{"0":{"name":"(anonymous_0)","decl":{"start":{"line":10,"column":4},"end":{"line":10,"column":null}},"loc":{"start":{"line":10,"column":4},"end":{"line":12,"column":5}}},"1":{"name":"(anonymous_1)","decl":{"start":{"line":14,"column":4},"end":{"line":14,"column":8}},"loc":{"start":{"line":14,"column":14},"end":{"line":16,"column":5}}},"2":{"name":"(anonymous_2)","decl":{"start":{"line":18,"column":4},"end":{"line":18,"column":9}},"loc":{"start":{"line":18,"column":9},"end":{"line":20,"column":5}}}},"branchMap":{},"s":{"0":1,"1":2,"2":2,"3":1,"4":1},"f":{"0":2,"1":2,"2":1},"b":{}}
,"/Users/vylpes/projects/sonar/src/entity/Project.ts": {"path":"/Users/vylpes/projects/sonar/src/entity/Project.ts","statementMap":{"0":{"start":{"line":1,"column":0},"end":{"line":1,"column":93}},"1":{"start":{"line":2,"column":0},"end":{"line":2,"column":44}},"2":{"start":{"line":3,"column":0},"end":{"line":3,"column":30}},"3":{"start":{"line":4,"column":0},"end":{"line":4,"column":30}},"4":{"start":{"line":5,"column":0},"end":{"line":5,"column":34}},"5":{"start":{"line":6,"column":0},"end":{"line":6,"column":87}},"6":{"start":{"line":9,"column":20},"end":{"line":163,"column":null}},"7":{"start":{"line":11,"column":8},"end":{"line":11,"column":21}},"8":{"start":{"line":12,"column":8},"end":{"line":12,"column":25}},"9":{"start":{"line":13,"column":8},"end":{"line":13,"column":39}},"10":{"start":{"line":14,"column":8},"end":{"line":14,"column":37}},"11":{"start":{"line":15,"column":8},"end":{"line":15,"column":35}},"12":{"start":{"line":16,"column":8},"end":{"line":16,"column":33}},"13":{"start":{"line":17,"column":8},"end":{"line":17,"column":35}},"14":{"start":{"line":19,"column":8},"end":{"line":19,"column":26}},"15":{"start":{"line":53,"column":8},"end":{"line":53,"column":25}},"16":{"start":{"line":54,"column":8},"end":{"line":54,"column":39}},"17":{"start":{"line":58,"column":8},"end":{"line":58,"column":46}},"18":{"start":{"line":58,"column":39},"end":{"line":58,"column":46}},"19":{"start":{"line":60,"column":8},"end":{"line":60,"column":33}},"20":{"start":{"line":64,"column":8},"end":{"line":66,"column":null}},"21":{"start":{"line":65,"column":12},"end":{"line":65,"column":25}},"22":{"start":{"line":68,"column":27},"end":{"line":68,"column":42}},"23":{"start":{"line":70,"column":34},"end":{"line":70,"column":67}},"24":{"start":{"line":72,"column":24},"end":{"line":72,"column":66}},"25":{"start":{"line":74,"column":8},"end":{"line":76,"column":null}},"26":{"start":{"line":75,"column":12},"end":{"line":75,"column":25}},"27":{"start":{"line":78,"column":8},"end":{"line":78,"column":46}},"28":{"start":{"line":79,"column":8},"end":{"line":79,"column":46}},"29":{"start":{"line":81,"column":8},"end":{"line":81,"column":20}},"30":{"start":{"line":85,"column":8},"end":{"line":100,"column":11}},"31":{"start":{"line":86,"column":31},"end":{"line":86,"column":46}},"32":{"start":{"line":88,"column":42},"end":{"line":88,"column":79}},"33":{"start":{"line":90,"column":33},"end":{"line":90,"column":140}},"34":{"start":{"line":91,"column":40},"end":{"line":91,"column":42}},"35":{"start":{"line":93,"column":12},"end":{"line":93,"column":60}},"36":{"start":{"line":93,"column":42},"end":{"line":93,"column":60}},"37":{"start":{"line":95,"column":12},"end":{"line":99,"column":15}},"38":{"start":{"line":96,"column":16},"end":{"line":96,"column":94}},"39":{"start":{"line":96,"column":59},"end":{"line":96,"column":94}},"40":{"start":{"line":98,"column":16},"end":{"line":98,"column":65}},"41":{"start":{"line":98,"column":47},"end":{"line":98,"column":65}},"42":{"start":{"line":104,"column":27},"end":{"line":104,"column":42}},"43":{"start":{"line":106,"column":34},"end":{"line":106,"column":67}},"44":{"start":{"line":107,"column":38},"end":{"line":107,"column":75}},"45":{"start":{"line":109,"column":24},"end":{"line":109,"column":106}},"46":{"start":{"line":110,"column":8},"end":{"line":110,"column":46}},"47":{"start":{"line":112,"column":28},"end":{"line":112,"column":96}},"48":{"start":{"line":113,"column":8},"end":{"line":113,"column":54}},"49":{"start":{"line":115,"column":8},"end":{"line":115,"column":23}},"50":{"start":{"line":119,"column":8},"end":{"line":121,"column":null}},"51":{"start":{"line":120,"column":12},"end":{"line":120,"column":24}},"52":{"start":{"line":123,"column":27},"end":{"line":123,"column":42}},"53":{"start":{"line":125,"column":34},"end":{"line":125,"column":67}},"54":{"start":{"line":127,"column":24},"end":{"line":135,"column":10}},"55":{"start":{"line":137,"column":8},"end":{"line":137,"column":23}},"56":{"start":{"line":141,"column":8},"end":{"line":143,"column":null}},"57":{"start":{"line":142,"column":12},"end":{"line":142,"column":24}},"58":{"start":{"line":145,"column":27},"end":{"line":145,"column":42}},"59":{"start":{"line":147,"column":34},"end":{"line":147,"column":67}},"60":{"start":{"line":149,"column":24},"end":{"line":149,"column":66}},"61":{"start":{"line":151,"column":8},"end":{"line":153,"column":null}},"62":{"start":{"line":152,"column":12},"end":{"line":152,"column":24}},"63":{"start":{"line":155,"column":27},"end":{"line":155,"column":43}},"64":{"start":{"line":157,"column":8},"end":{"line":157,"column":45}},"65":{"start":{"line":159,"column":8},"end":{"line":159,"column":46}},"66":{"start":{"line":161,"column":8},"end":{"line":161,"column":26}},"67":{"start":{"line":23,"column":4},"end":{"line":23,"column":null}},"68":{"start":{"line":26,"column":4},"end":{"line":26,"column":null}},"69":{"start":{"line":29,"column":4},"end":{"line":29,"column":null}},"70":{"start":{"line":32,"column":4},"end":{"line":32,"column":null}},"71":{"start":{"line":35,"column":4},"end":{"line":35,"column":null}},"72":{"start":{"line":38,"column":4},"end":{"line":38,"column":null}},"73":{"start":{"line":41,"column":4},"end":{"line":41,"column":null}},"74":{"start":{"line":44,"column":4},"end":{"line":44,"column":null}},"75":{"start":{"line":43,"column":20},"end":{"line":43,"column":24}},"76":{"start":{"line":43,"column":34},"end":{"line":43,"column":54}},"77":{"start":{"line":47,"column":4},"end":{"line":47,"column":null}},"78":{"start":{"line":46,"column":20},"end":{"line":46,"column":31}},"79":{"start":{"line":46,"column":48},"end":{"line":46,"column":67}},"80":{"start":{"line":50,"column":4},"end":{"line":50,"column":null}},"81":{"start":{"line":49,"column":20},"end":{"line":49,"column":24}},"82":{"start":{"line":49,"column":34},"end":{"line":49,"column":46}},"83":{"start":{"line":9,"column":13},"end":{"line":163,"column":null}},"84":{"start":{"line":9,"column":13},"end":{"line":9,"column":20}}},"fnMap":{"0":{"name":"(anonymous_2)","decl":{"start":{"line":10,"column":4},"end":{"line":10,"column":16}},"loc":{"start":{"line":10,"column":134},"end":{"line":20,"column":5}}},"1":{"name":"(anonymous_3)","decl":{"start":{"line":52,"column":11},"end":{"line":52,"column":21}},"loc":{"start":{"line":52,"column":55},"end":{"line":55,"column":5}}},"2":{"name":"(anonymous_4)","decl":{"start":{"line":57,"column":11},"end":{"line":57,"column":23}},"loc":{"start":{"line":57,"column":40},"end":{"line":61,"column":5}}},"3":{"name":"(anonymous_5)","decl":{"start":{"line":63,"column":11},"end":{"line":63,"column":17}},"loc":{"start":{"line":63,"column":107},"end":{"line":82,"column":5}}},"4":{"name":"(anonymous_6)","decl":{"start":{"line":84,"column":11},"end":{"line":84,"column":17}},"loc":{"start":{"line":84,"column":56},"end":{"line":101,"column":5}}},"5":{"name":"(anonymous_7)","decl":{"start":{"line":85,"column":27},"end":{"line":85,"column":32}},"loc":{"start":{"line":85,"column":45},"end":{"line":100,"column":9}}},"6":{"name":"(anonymous_8)","decl":{"start":{"line":95,"column":33},"end":{"line":95,"column":34}},"loc":{"start":{"line":95,"column":63},"end":{"line":99,"column":13}}},"7":{"name":"(anonymous_9)","decl":{"start":{"line":103,"column":11},"end":{"line":103,"column":17}},"loc":{"start":{"line":103,"column":110},"end":{"line":116,"column":5}}},"8":{"name":"(anonymous_10)","decl":{"start":{"line":118,"column":11},"end":{"line":118,"column":17}},"loc":{"start":{"line":118,"column":71},"end":{"line":138,"column":5}}},"9":{"name":"(anonymous_11)","decl":{"start":{"line":140,"column":11},"end":{"line":140,"column":17}},"loc":{"start":{"line":140,"column":72},"end":{"line":162,"column":5}}},"10":{"name":"(anonymous_12)","decl":{"start":{"line":43,"column":15},"end":{"line":43,"column":16}},"loc":{"start":{"line":43,"column":20},"end":{"line":43,"column":24}}},"11":{"name":"(anonymous_13)","decl":{"start":{"line":43,"column":26},"end":{"line":43,"column":30}},"loc":{"start":{"line":43,"column":34},"end":{"line":43,"column":54}}},"12":{"name":"(anonymous_14)","decl":{"start":{"line":46,"column":15},"end":{"line":46,"column":16}},"loc":{"start":{"line":46,"column":20},"end":{"line":46,"column":31}}},"13":{"name":"(anonymous_15)","decl":{"start":{"line":46,"column":33},"end":{"line":46,"column":44}},"loc":{"start":{"line":46,"column":48},"end":{"line":46,"column":67}}},"14":{"name":"(anonymous_16)","decl":{"start":{"line":49,"column":15},"end":{"line":49,"column":16}},"loc":{"start":{"line":49,"column":20},"end":{"line":49,"column":24}}},"15":{"name":"(anonymous_17)","decl":{"start":{"line":49,"column":26},"end":{"line":49,"column":30}},"loc":{"start":{"line":49,"column":34},"end":{"line":49,"column":46}}}},"branchMap":{"0":{"loc":{"start":{"line":58,"column":8},"end":{"line":58,"column":46}},"type":"if","locations":[{"start":{"line":58,"column":8},"end":{"line":58,"column":46}},{"start":{"line":58,"column":8},"end":{"line":58,"column":46}}]},"1":{"loc":{"start":{"line":64,"column":8},"end":{"line":66,"column":null}},"type":"if","locations":[{"start":{"line":64,"column":8},"end":{"line":66,"column":null}},{"start":{"line":64,"column":8},"end":{"line":66,"column":null}}]},"2":{"loc":{"start":{"line":74,"column":8},"end":{"line":76,"column":null}},"type":"if","locations":[{"start":{"line":74,"column":8},"end":{"line":76,"column":null}},{"start":{"line":74,"column":8},"end":{"line":76,"column":null}}]},"3":{"loc":{"start":{"line":93,"column":12},"end":{"line":93,"column":60}},"type":"if","locations":[{"start":{"line":93,"column":12},"end":{"line":93,"column":60}},{"start":{"line":93,"column":12},"end":{"line":93,"column":60}}]},"4":{"loc":{"start":{"line":96,"column":16},"end":{"line":96,"column":94}},"type":"if","locations":[{"start":{"line":96,"column":16},"end":{"line":96,"column":94}},{"start":{"line":96,"column":16},"end":{"line":96,"column":94}}]},"5":{"loc":{"start":{"line":98,"column":16},"end":{"line":98,"column":65}},"type":"if","locations":[{"start":{"line":98,"column":16},"end":{"line":98,"column":65}},{"start":{"line":98,"column":16},"end":{"line":98,"column":65}}]},"6":{"loc":{"start":{"line":119,"column":8},"end":{"line":121,"column":null}},"type":"if","locations":[{"start":{"line":119,"column":8},"end":{"line":121,"column":null}},{"start":{"line":119,"column":8},"end":{"line":121,"column":null}}]},"7":{"loc":{"start":{"line":141,"column":8},"end":{"line":143,"column":null}},"type":"if","locations":[{"start":{"line":141,"column":8},"end":{"line":143,"column":null}},{"start":{"line":141,"column":8},"end":{"line":143,"column":null}}]},"8":{"loc":{"start":{"line":151,"column":8},"end":{"line":153,"column":null}},"type":"if","locations":[{"start":{"line":151,"column":8},"end":{"line":153,"column":null}},{"start":{"line":151,"column":8},"end":{"line":153,"column":null}}]}},"s":{"0":20,"1":20,"2":20,"3":20,"4":20,"5":20,"6":20,"7":4,"8":4,"9":4,"10":4,"11":4,"12":4,"13":4,"14":4,"15":1,"16":1,"17":1,"18":0,"19":1,"20":3,"21":1,"22":2,"23":2,"24":2,"25":2,"26":1,"27":1,"28":1,"29":1,"30":3,"31":3,"32":3,"33":3,"34":3,"35":3,"36":1,"37":3,"38":2,"39":1,"40":2,"41":2,"42":1,"43":1,"44":1,"45":1,"46":1,"47":1,"48":1,"49":1,"50":3,"51":1,"52":2,"53":2,"54":2,"55":2,"56":3,"57":1,"58":2,"59":2,"60":2,"61":2,"62":1,"63":1,"64":1,"65":1,"66":1,"67":20,"68":20,"69":20,"70":20,"71":20,"72":20,"73":20,"74":20,"75":0,"76":0,"77":20,"78":0,"79":0,"80":20,"81":0,"82":0,"83":20,"84":20},"f":{"0":4,"1":1,"2":1,"3":3,"4":3,"5":3,"6":2,"7":1,"8":3,"9":3,"10":0,"11":0,"12":0,"13":0,"14":0,"15":0},"b":{"0":[0,1],"1":[1,2],"2":[1,1],"3":[1,2],"4":[1,1],"5":[2,0],"6":[1,2],"7":[1,2],"8":[1,1]}}
,"/Users/vylpes/projects/sonar/src/entity/ProjectUser.ts": {"path":"/Users/vylpes/projects/sonar/src/entity/ProjectUser.ts","statementMap":{"0":{"start":{"line":1,"column":0},"end":{"line":1,"column":82}},"1":{"start":{"line":2,"column":0},"end":{"line":2,"column":87}},"2":{"start":{"line":3,"column":0},"end":{"line":3,"column":36}},"3":{"start":{"line":4,"column":0},"end":{"line":4,"column":30}},"4":{"start":{"line":5,"column":0},"end":{"line":5,"column":34}},"5":{"start":{"line":8,"column":24},"end":{"line":252,"column":null}},"6":{"start":{"line":10,"column":8},"end":{"line":10,"column":21}},"7":{"start":{"line":11,"column":8},"end":{"line":11,"column":25}},"8":{"start":{"line":12,"column":8},"end":{"line":12,"column":31}},"9":{"start":{"line":13,"column":8},"end":{"line":13,"column":25}},"10":{"start":{"line":29,"column":8},"end":{"line":29,"column":25}},"11":{"start":{"line":33,"column":27},"end":{"line":33,"column":42}},"12":{"start":{"line":35,"column":34},"end":{"line":35,"column":67}},"13":{"start":{"line":36,"column":38},"end":{"line":36,"column":75}},"14":{"start":{"line":37,"column":31},"end":{"line":37,"column":61}},"15":{"start":{"line":39,"column":24},"end":{"line":39,"column":66}},"16":{"start":{"line":40,"column":21},"end":{"line":40,"column":57}},"17":{"start":{"line":42,"column":8},"end":{"line":44,"column":null}},"18":{"start":{"line":43,"column":12},"end":{"line":43,"column":47}},"19":{"start":{"line":46,"column":28},"end":{"line":46,"column":133}},"20":{"start":{"line":48,"column":8},"end":{"line":50,"column":null}},"21":{"start":{"line":49,"column":12},"end":{"line":49,"column":47}},"22":{"start":{"line":52,"column":26},"end":{"line":52,"column":53}},"23":{"start":{"line":54,"column":8},"end":{"line":88,"column":null}},"24":{"start":{"line":56,"column":16},"end":{"line":62,"column":18}},"25":{"start":{"line":63,"column":16},"end":{"line":63,"column":22}},"26":{"start":{"line":65,"column":16},"end":{"line":75,"column":18}},"27":{"start":{"line":77,"column":12},"end":{"line":87,"column":14}},"28":{"start":{"line":90,"column":8},"end":{"line":90,"column":27}},"29":{"start":{"line":94,"column":27},"end":{"line":94,"column":42}},"30":{"start":{"line":96,"column":34},"end":{"line":96,"column":67}},"31":{"start":{"line":97,"column":38},"end":{"line":97,"column":75}},"32":{"start":{"line":98,"column":31},"end":{"line":98,"column":61}},"33":{"start":{"line":100,"column":24},"end":{"line":100,"column":66}},"34":{"start":{"line":101,"column":21},"end":{"line":101,"column":57}},"35":{"start":{"line":103,"column":8},"end":{"line":105,"column":null}},"36":{"start":{"line":104,"column":12},"end":{"line":104,"column":24}},"37":{"start":{"line":107,"column":28},"end":{"line":107,"column":132}},"38":{"start":{"line":109,"column":8},"end":{"line":111,"column":null}},"39":{"start":{"line":110,"column":12},"end":{"line":110,"column":24}},"40":{"start":{"line":113,"column":8},"end":{"line":113,"column":32}},"41":{"start":{"line":117,"column":8},"end":{"line":117,"column":89}},"42":{"start":{"line":121,"column":8},"end":{"line":123,"column":null}},"43":{"start":{"line":122,"column":12},"end":{"line":122,"column":24}},"44":{"start":{"line":125,"column":27},"end":{"line":125,"column":42}},"45":{"start":{"line":127,"column":38},"end":{"line":127,"column":75}},"46":{"start":{"line":129,"column":24},"end":{"line":129,"column":72}},"47":{"start":{"line":130,"column":21},"end":{"line":130,"column":47}},"48":{"start":{"line":132,"column":8},"end":{"line":134,"column":null}},"49":{"start":{"line":133,"column":12},"end":{"line":133,"column":24}},"50":{"start":{"line":136,"column":28},"end":{"line":136,"column":90}},"51":{"start":{"line":137,"column":8},"end":{"line":137,"column":54}},"52":{"start":{"line":139,"column":8},"end":{"line":139,"column":27}},"53":{"start":{"line":143,"column":8},"end":{"line":145,"column":null}},"54":{"start":{"line":144,"column":12},"end":{"line":144,"column":25}},"55":{"start":{"line":147,"column":8},"end":{"line":147,"column":51}},"56":{"start":{"line":147,"column":38},"end":{"line":147,"column":51}},"57":{"start":{"line":149,"column":27},"end":{"line":149,"column":42}},"58":{"start":{"line":151,"column":38},"end":{"line":151,"column":75}},"59":{"start":{"line":153,"column":24},"end":{"line":153,"column":72}},"60":{"start":{"line":154,"column":21},"end":{"line":154,"column":47}},"61":{"start":{"line":156,"column":8},"end":{"line":158,"column":null}},"62":{"start":{"line":157,"column":12},"end":{"line":157,"column":25}},"63":{"start":{"line":160,"column":28},"end":{"line":160,"column":133}},"64":{"start":{"line":162,"column":35},"end":{"line":162,"column":147}},"65":{"start":{"line":164,"column":8},"end":{"line":166,"column":null}},"66":{"start":{"line":165,"column":12},"end":{"line":165,"column":25}},"67":{"start":{"line":168,"column":8},"end":{"line":170,"column":null}},"68":{"start":{"line":169,"column":12},"end":{"line":169,"column":25}},"69":{"start":{"line":172,"column":8},"end":{"line":172,"column":56}},"70":{"start":{"line":174,"column":8},"end":{"line":174,"column":20}},"71":{"start":{"line":178,"column":8},"end":{"line":207,"column":11}},"72":{"start":{"line":179,"column":12},"end":{"line":182,"column":null}},"73":{"start":{"line":180,"column":16},"end":{"line":180,"column":28}},"74":{"start":{"line":181,"column":16},"end":{"line":181,"column":23}},"75":{"start":{"line":184,"column":31},"end":{"line":184,"column":46}},"76":{"start":{"line":186,"column":38},"end":{"line":186,"column":71}},"77":{"start":{"line":187,"column":35},"end":{"line":187,"column":65}},"78":{"start":{"line":189,"column":28},"end":{"line":189,"column":124}},"79":{"start":{"line":191,"column":12},"end":{"line":194,"column":null}},"80":{"start":{"line":192,"column":16},"end":{"line":192,"column":28}},"81":{"start":{"line":193,"column":16},"end":{"line":193,"column":23}},"82":{"start":{"line":196,"column":26},"end":{"line":196,"column":53}},"83":{"start":{"line":198,"column":46},"end":{"line":198,"column":48}},"84":{"start":{"line":200,"column":12},"end":{"line":206,"column":15}},"85":{"start":{"line":201,"column":16},"end":{"line":203,"column":null}},"86":{"start":{"line":201,"column":52},"end":{"line":201,"column":72}},"87":{"start":{"line":202,"column":20},"end":{"line":202,"column":49}},"88":{"start":{"line":205,"column":16},"end":{"line":205,"column":74}},"89":{"start":{"line":205,"column":47},"end":{"line":205,"column":74}},"90":{"start":{"line":211,"column":8},"end":{"line":213,"column":null}},"91":{"start":{"line":212,"column":12},"end":{"line":212,"column":25}},"92":{"start":{"line":215,"column":8},"end":{"line":217,"column":null}},"93":{"start":{"line":216,"column":12},"end":{"line":216,"column":25}},"94":{"start":{"line":219,"column":27},"end":{"line":219,"column":42}},"95":{"start":{"line":221,"column":38},"end":{"line":221,"column":75}},"96":{"start":{"line":223,"column":24},"end":{"line":223,"column":72}},"97":{"start":{"line":224,"column":21},"end":{"line":224,"column":47}},"98":{"start":{"line":226,"column":8},"end":{"line":228,"column":null}},"99":{"start":{"line":227,"column":12},"end":{"line":227,"column":25}},"100":{"start":{"line":230,"column":28},"end":{"line":230,"column":132}},"101":{"start":{"line":232,"column":8},"end":{"line":234,"column":null}},"102":{"start":{"line":233,"column":12},"end":{"line":233,"column":25}},"103":{"start":{"line":238,"column":8},"end":{"line":245,"column":null}},"104":{"start":{"line":240,"column":16},"end":{"line":240,"column":48}},"105":{"start":{"line":241,"column":16},"end":{"line":241,"column":22}},"106":{"start":{"line":243,"column":16},"end":{"line":243,"column":49}},"107":{"start":{"line":244,"column":16},"end":{"line":244,"column":22}},"108":{"start":{"line":247,"column":8},"end":{"line":247,"column":40}},"109":{"start":{"line":248,"column":8},"end":{"line":248,"column":54}},"110":{"start":{"line":250,"column":8},"end":{"line":250,"column":20}},"111":{"start":{"line":17,"column":4},"end":{"line":17,"column":null}},"112":{"start":{"line":20,"column":4},"end":{"line":20,"column":null}},"113":{"start":{"line":23,"column":4},"end":{"line":23,"column":null}},"114":{"start":{"line":22,"column":20},"end":{"line":22,"column":27}},"115":{"start":{"line":22,"column":40},"end":{"line":22,"column":60}},"116":{"start":{"line":26,"column":4},"end":{"line":26,"column":null}},"117":{"start":{"line":25,"column":20},"end":{"line":25,"column":24}},"118":{"start":{"line":25,"column":34},"end":{"line":25,"column":55}},"119":{"start":{"line":8,"column":13},"end":{"line":252,"column":null}},"120":{"start":{"line":8,"column":13},"end":{"line":8,"column":24}}},"fnMap":{"0":{"name":"(anonymous_2)","decl":{"start":{"line":9,"column":4},"end":{"line":9,"column":16}},"loc":{"start":{"line":9,"column":70},"end":{"line":14,"column":5}}},"1":{"name":"(anonymous_3)","decl":{"start":{"line":28,"column":11},"end":{"line":28,"column":21}},"loc":{"start":{"line":28,"column":34},"end":{"line":30,"column":5}}},"2":{"name":"(anonymous_4)","decl":{"start":{"line":32,"column":11},"end":{"line":32,"column":17}},"loc":{"start":{"line":32,"column":72},"end":{"line":91,"column":5}}},"3":{"name":"(anonymous_5)","decl":{"start":{"line":93,"column":11},"end":{"line":93,"column":17}},"loc":{"start":{"line":93,"column":65},"end":{"line":114,"column":5}}},"4":{"name":"(anonymous_6)","decl":{"start":{"line":116,"column":11},"end":{"line":116,"column":17}},"loc":{"start":{"line":116,"column":107},"end":{"line":118,"column":5}}},"5":{"name":"(anonymous_7)","decl":{"start":{"line":120,"column":11},"end":{"line":120,"column":17}},"loc":{"start":{"line":120,"column":96},"end":{"line":140,"column":5}}},"6":{"name":"(anonymous_8)","decl":{"start":{"line":142,"column":11},"end":{"line":142,"column":17}},"loc":{"start":{"line":142,"column":100},"end":{"line":175,"column":5}}},"7":{"name":"(anonymous_9)","decl":{"start":{"line":177,"column":11},"end":{"line":177,"column":17}},"loc":{"start":{"line":177,"column":84},"end":{"line":208,"column":5}}},"8":{"name":"(anonymous_10)","decl":{"start":{"line":178,"column":27},"end":{"line":178,"column":32}},"loc":{"start":{"line":178,"column":45},"end":{"line":207,"column":9}}},"9":{"name":"(anonymous_11)","decl":{"start":{"line":200,"column":26},"end":{"line":200,"column":27}},"loc":{"start":{"line":200,"column":49},"end":{"line":206,"column":13}}},"10":{"name":"(anonymous_12)","decl":{"start":{"line":201,"column":47},"end":{"line":201,"column":48}},"loc":{"start":{"line":201,"column":52},"end":{"line":201,"column":72}}},"11":{"name":"(anonymous_13)","decl":{"start":{"line":210,"column":11},"end":{"line":210,"column":17}},"loc":{"start":{"line":210,"column":88},"end":{"line":251,"column":5}}},"12":{"name":"(anonymous_14)","decl":{"start":{"line":22,"column":15},"end":{"line":22,"column":16}},"loc":{"start":{"line":22,"column":20},"end":{"line":22,"column":27}}},"13":{"name":"(anonymous_15)","decl":{"start":{"line":22,"column":29},"end":{"line":22,"column":36}},"loc":{"start":{"line":22,"column":40},"end":{"line":22,"column":60}}},"14":{"name":"(anonymous_16)","decl":{"start":{"line":25,"column":15},"end":{"line":25,"column":16}},"loc":{"start":{"line":25,"column":20},"end":{"line":25,"column":24}}},"15":{"name":"(anonymous_17)","decl":{"start":{"line":25,"column":26},"end":{"line":25,"column":30}},"loc":{"start":{"line":25,"column":34},"end":{"line":25,"column":55}}}},"branchMap":{"0":{"loc":{"start":{"line":42,"column":8},"end":{"line":44,"column":null}},"type":"if","locations":[{"start":{"line":42,"column":8},"end":{"line":44,"column":null}},{"start":{"line":42,"column":8},"end":{"line":44,"column":null}}]},"1":{"loc":{"start":{"line":42,"column":12},"end":{"line":42,"column":20}},"type":"binary-expr","locations":[{"start":{"line":42,"column":12},"end":{"line":42,"column":20}},{"start":{"line":42,"column":24},"end":{"line":42,"column":29}}]},"2":{"loc":{"start":{"line":48,"column":8},"end":{"line":50,"column":null}},"type":"if","locations":[{"start":{"line":48,"column":8},"end":{"line":50,"column":null}},{"start":{"line":48,"column":8},"end":{"line":50,"column":null}}]},"3":{"loc":{"start":{"line":55,"column":12},"end":{"line":63,"column":22}},"type":"switch","locations":[{"start":{"line":55,"column":12},"end":{"line":63,"column":22}},{"start":{"line":64,"column":12},"end":{"line":75,"column":18}},{"start":{"line":76,"column":12},"end":{"line":87,"column":14}}]},"4":{"loc":{"start":{"line":103,"column":8},"end":{"line":105,"column":null}},"type":"if","locations":[{"start":{"line":103,"column":8},"end":{"line":105,"column":null}},{"start":{"line":103,"column":8},"end":{"line":105,"column":null}}]},"5":{"loc":{"start":{"line":103,"column":12},"end":{"line":103,"column":20}},"type":"binary-expr","locations":[{"start":{"line":103,"column":12},"end":{"line":103,"column":20}},{"start":{"line":103,"column":24},"end":{"line":103,"column":29}}]},"6":{"loc":{"start":{"line":109,"column":8},"end":{"line":111,"column":null}},"type":"if","locations":[{"start":{"line":109,"column":8},"end":{"line":111,"column":null}},{"start":{"line":109,"column":8},"end":{"line":111,"column":null}}]},"7":{"loc":{"start":{"line":109,"column":12},"end":{"line":109,"column":42}},"type":"binary-expr","locations":[{"start":{"line":109,"column":12},"end":{"line":109,"column":42}},{"start":{"line":109,"column":46},"end":{"line":109,"column":58}}]},"8":{"loc":{"start":{"line":121,"column":8},"end":{"line":123,"column":null}},"type":"if","locations":[{"start":{"line":121,"column":8},"end":{"line":123,"column":null}},{"start":{"line":121,"column":8},"end":{"line":123,"column":null}}]},"9":{"loc":{"start":{"line":132,"column":8},"end":{"line":134,"column":null}},"type":"if","locations":[{"start":{"line":132,"column":8},"end":{"line":134,"column":null}},{"start":{"line":132,"column":8},"end":{"line":134,"column":null}}]},"10":{"loc":{"start":{"line":132,"column":12},"end":{"line":132,"column":20}},"type":"binary-expr","locations":[{"start":{"line":132,"column":12},"end":{"line":132,"column":20}},{"start":{"line":132,"column":24},"end":{"line":132,"column":29}}]},"11":{"loc":{"start":{"line":143,"column":8},"end":{"line":145,"column":null}},"type":"if","locations":[{"start":{"line":143,"column":8},"end":{"line":145,"column":null}},{"start":{"line":143,"column":8},"end":{"line":145,"column":null}}]},"12":{"loc":{"start":{"line":147,"column":8},"end":{"line":147,"column":51}},"type":"if","locations":[{"start":{"line":147,"column":8},"end":{"line":147,"column":51}},{"start":{"line":147,"column":8},"end":{"line":147,"column":51}}]},"13":{"loc":{"start":{"line":156,"column":8},"end":{"line":158,"column":null}},"type":"if","locations":[{"start":{"line":156,"column":8},"end":{"line":158,"column":null}},{"start":{"line":156,"column":8},"end":{"line":158,"column":null}}]},"14":{"loc":{"start":{"line":156,"column":12},"end":{"line":156,"column":20}},"type":"binary-expr","locations":[{"start":{"line":156,"column":12},"end":{"line":156,"column":20}},{"start":{"line":156,"column":24},"end":{"line":156,"column":29}}]},"15":{"loc":{"start":{"line":164,"column":8},"end":{"line":166,"column":null}},"type":"if","locations":[{"start":{"line":164,"column":8},"end":{"line":166,"column":null}},{"start":{"line":164,"column":8},"end":{"line":166,"column":null}}]},"16":{"loc":{"start":{"line":164,"column":12},"end":{"line":164,"column":24}},"type":"binary-expr","locations":[{"start":{"line":164,"column":12},"end":{"line":164,"column":24}},{"start":{"line":164,"column":28},"end":{"line":164,"column":47}}]},"17":{"loc":{"start":{"line":168,"column":8},"end":{"line":170,"column":null}},"type":"if","locations":[{"start":{"line":168,"column":8},"end":{"line":170,"column":null}},{"start":{"line":168,"column":8},"end":{"line":170,"column":null}}]},"18":{"loc":{"start":{"line":168,"column":13},"end":{"line":168,"column":54}},"type":"binary-expr","locations":[{"start":{"line":168,"column":13},"end":{"line":168,"column":54}},{"start":{"line":168,"column":58},"end":{"line":168,"column":99}},{"start":{"line":168,"column":104},"end":{"line":168,"column":152}}]},"19":{"loc":{"start":{"line":179,"column":12},"end":{"line":182,"column":null}},"type":"if","locations":[{"start":{"line":179,"column":12},"end":{"line":182,"column":null}},{"start":{"line":179,"column":12},"end":{"line":182,"column":null}}]},"20":{"loc":{"start":{"line":191,"column":12},"end":{"line":194,"column":null}},"type":"if","locations":[{"start":{"line":191,"column":12},"end":{"line":194,"column":null}},{"start":{"line":191,"column":12},"end":{"line":194,"column":null}}]},"21":{"loc":{"start":{"line":201,"column":16},"end":{"line":203,"column":null}},"type":"if","locations":[{"start":{"line":201,"column":16},"end":{"line":203,"column":null}},{"start":{"line":201,"column":16},"end":{"line":203,"column":null}}]},"22":{"loc":{"start":{"line":205,"column":16},"end":{"line":205,"column":74}},"type":"if","locations":[{"start":{"line":205,"column":16},"end":{"line":205,"column":74}},{"start":{"line":205,"column":16},"end":{"line":205,"column":74}}]},"23":{"loc":{"start":{"line":211,"column":8},"end":{"line":213,"column":null}},"type":"if","locations":[{"start":{"line":211,"column":8},"end":{"line":213,"column":null}},{"start":{"line":211,"column":8},"end":{"line":213,"column":null}}]},"24":{"loc":{"start":{"line":215,"column":8},"end":{"line":217,"column":null}},"type":"if","locations":[{"start":{"line":215,"column":8},"end":{"line":217,"column":null}},{"start":{"line":215,"column":8},"end":{"line":217,"column":null}}]},"25":{"loc":{"start":{"line":226,"column":8},"end":{"line":228,"column":null}},"type":"if","locations":[{"start":{"line":226,"column":8},"end":{"line":228,"column":null}},{"start":{"line":226,"column":8},"end":{"line":228,"column":null}}]},"26":{"loc":{"start":{"line":226,"column":12},"end":{"line":226,"column":20}},"type":"binary-expr","locations":[{"start":{"line":226,"column":12},"end":{"line":226,"column":20}},{"start":{"line":226,"column":24},"end":{"line":226,"column":29}}]},"27":{"loc":{"start":{"line":232,"column":8},"end":{"line":234,"column":null}},"type":"if","locations":[{"start":{"line":232,"column":8},"end":{"line":234,"column":null}},{"start":{"line":232,"column":8},"end":{"line":234,"column":null}}]},"28":{"loc":{"start":{"line":239,"column":12},"end":{"line":241,"column":22}},"type":"switch","locations":[{"start":{"line":239,"column":12},"end":{"line":241,"column":22}},{"start":{"line":242,"column":12},"end":{"line":244,"column":22}}]}},"s":{"0":20,"1":20,"2":20,"3":20,"4":20,"5":20,"6":12,"7":12,"8":12,"9":12,"10":1,"11":6,"12":6,"13":6,"14":6,"15":6,"16":6,"17":6,"18":2,"19":4,"20":4,"21":1,"22":3,"23":3,"24":1,"25":1,"26":1,"27":2,"28":3,"29":4,"30":4,"31":4,"32":4,"33":4,"34":4,"35":4,"36":2,"37":2,"38":2,"39":1,"40":1,"41":5,"42":4,"43":1,"44":3,"45":3,"46":3,"47":3,"48":3,"49":2,"50":1,"51":1,"52":1,"53":8,"54":1,"55":7,"56":0,"57":7,"58":7,"59":7,"60":7,"61":7,"62":2,"63":5,"64":5,"65":5,"66":2,"67":3,"68":2,"69":1,"70":1,"71":4,"72":4,"73":1,"74":1,"75":3,"76":3,"77":3,"78":3,"79":3,"80":1,"81":1,"82":2,"83":2,"84":2,"85":6,"86":11,"87":1,"88":6,"89":2,"90":7,"91":1,"92":6,"93":1,"94":5,"95":5,"96":5,"97":5,"98":5,"99":2,"100":3,"101":3,"102":1,"103":2,"104":1,"105":1,"106":1,"107":1,"108":2,"109":2,"110":2,"111":20,"112":20,"113":20,"114":0,"115":0,"116":20,"117":0,"118":0,"119":20,"120":20},"f":{"0":12,"1":1,"2":6,"3":4,"4":5,"5":4,"6":8,"7":4,"8":4,"9":6,"10":11,"11":7,"12":0,"13":0,"14":0,"15":0},"b":{"0":[2,4],"1":[6,5],"2":[1,3],"3":[1,1,2],"4":[2,2],"5":[4,3],"6":[1,1],"7":[2,2],"8":[1,3],"9":[2,1],"10":[3,2],"11":[1,7],"12":[0,7],"13":[2,5],"14":[7,6],"15":[2,3],"16":[5,4],"17":[2,1],"18":[3,2,2],"19":[1,3],"20":[1,2],"21":[1,5],"22":[2,4],"23":[1,6],"24":[1,5],"25":[2,3],"26":[5,4],"27":[1,2],"28":[1,1]}}
,"/Users/vylpes/projects/sonar/src/entity/Task.ts": {"path":"/Users/vylpes/projects/sonar/src/entity/Task.ts","statementMap":{"0":{"start":{"line":1,"column":0},"end":{"line":1,"column":82}},"1":{"start":{"line":2,"column":0},"end":{"line":2,"column":70}},"2":{"start":{"line":3,"column":0},"end":{"line":3,"column":36}},"3":{"start":{"line":4,"column":0},"end":{"line":4,"column":44}},"4":{"start":{"line":5,"column":0},"end":{"line":5,"column":30}},"5":{"start":{"line":6,"column":0},"end":{"line":6,"column":34}},"6":{"start":{"line":9,"column":17},"end":{"line":283,"column":null}},"7":{"start":{"line":11,"column":8},"end":{"line":11,"column":21}},"8":{"start":{"line":12,"column":8},"end":{"line":12,"column":37}},"9":{"start":{"line":13,"column":8},"end":{"line":13,"column":25}},"10":{"start":{"line":14,"column":8},"end":{"line":14,"column":39}},"11":{"start":{"line":15,"column":8},"end":{"line":15,"column":35}},"12":{"start":{"line":16,"column":8},"end":{"line":16,"column":37}},"13":{"start":{"line":17,"column":8},"end":{"line":17,"column":35}},"14":{"start":{"line":18,"column":8},"end":{"line":18,"column":37}},"15":{"start":{"line":19,"column":8},"end":{"line":19,"column":25}},"16":{"start":{"line":20,"column":8},"end":{"line":20,"column":33}},"17":{"start":{"line":21,"column":8},"end":{"line":21,"column":31}},"18":{"start":{"line":61,"column":8},"end":{"line":61,"column":25}},"19":{"start":{"line":62,"column":8},"end":{"line":62,"column":39}},"20":{"start":{"line":66,"column":8},"end":{"line":66,"column":31}},"21":{"start":{"line":70,"column":8},"end":{"line":70,"column":31}},"22":{"start":{"line":74,"column":8},"end":{"line":74,"column":31}},"23":{"start":{"line":78,"column":5},"end":{"line":78,"column":36}},"24":{"start":{"line":82,"column":27},"end":{"line":82,"column":42}},"25":{"start":{"line":84,"column":31},"end":{"line":84,"column":61}},"26":{"start":{"line":86,"column":21},"end":{"line":94,"column":10}},"27":{"start":{"line":96,"column":23},"end":{"line":96,"column":64}},"28":{"start":{"line":96,"column":54},"end":{"line":96,"column":63}},"29":{"start":{"line":97,"column":20},"end":{"line":97,"column":50}},"30":{"start":{"line":97,"column":42},"end":{"line":97,"column":49}},"31":{"start":{"line":99,"column":8},"end":{"line":99,"column":21}},"32":{"start":{"line":103,"column":27},"end":{"line":103,"column":42}},"33":{"start":{"line":105,"column":31},"end":{"line":105,"column":61}},"34":{"start":{"line":107,"column":21},"end":{"line":107,"column":92}},"35":{"start":{"line":109,"column":8},"end":{"line":111,"column":null}},"36":{"start":{"line":110,"column":12},"end":{"line":110,"column":24}},"37":{"start":{"line":113,"column":8},"end":{"line":113,"column":34}},"38":{"start":{"line":117,"column":8},"end":{"line":119,"column":null}},"39":{"start":{"line":118,"column":12},"end":{"line":118,"column":24}},"40":{"start":{"line":121,"column":27},"end":{"line":121,"column":42}},"41":{"start":{"line":123,"column":31},"end":{"line":123,"column":61}},"42":{"start":{"line":125,"column":27},"end":{"line":125,"column":75}},"43":{"start":{"line":127,"column":21},"end":{"line":127,"column":138}},"44":{"start":{"line":129,"column":8},"end":{"line":129,"column":40}},"45":{"start":{"line":131,"column":8},"end":{"line":131,"column":20}},"46":{"start":{"line":135,"column":27},"end":{"line":135,"column":51}},"47":{"start":{"line":136,"column":27},"end":{"line":136,"column":51}},"48":{"start":{"line":138,"column":27},"end":{"line":138,"column":42}},"49":{"start":{"line":140,"column":34},"end":{"line":140,"column":67}},"50":{"start":{"line":142,"column":24},"end":{"line":151,"column":10}},"51":{"start":{"line":153,"column":8},"end":{"line":155,"column":null}},"52":{"start":{"line":154,"column":12},"end":{"line":154,"column":24}},"53":{"start":{"line":157,"column":8},"end":{"line":159,"column":null}},"54":{"start":{"line":158,"column":12},"end":{"line":158,"column":24}},"55":{"start":{"line":161,"column":21},"end":{"line":161,"column":89}},"56":{"start":{"line":161,"column":45},"end":{"line":161,"column":88}},"57":{"start":{"line":163,"column":8},"end":{"line":163,"column":20}},"58":{"start":{"line":167,"column":8},"end":{"line":169,"column":null}},"59":{"start":{"line":168,"column":12},"end":{"line":168,"column":25}},"60":{"start":{"line":171,"column":27},"end":{"line":171,"column":42}},"61":{"start":{"line":173,"column":31},"end":{"line":173,"column":61}},"62":{"start":{"line":175,"column":21},"end":{"line":175,"column":76}},"63":{"start":{"line":177,"column":8},"end":{"line":179,"column":null}},"64":{"start":{"line":178,"column":12},"end":{"line":178,"column":25}},"65":{"start":{"line":181,"column":8},"end":{"line":183,"column":null}},"66":{"start":{"line":182,"column":12},"end":{"line":182,"column":25}},"67":{"start":{"line":185,"column":8},"end":{"line":185,"column":48}},"68":{"start":{"line":187,"column":8},"end":{"line":187,"column":40}},"69":{"start":{"line":189,"column":8},"end":{"line":189,"column":20}},"70":{"start":{"line":193,"column":27},"end":{"line":193,"column":42}},"71":{"start":{"line":195,"column":31},"end":{"line":195,"column":61}},"72":{"start":{"line":197,"column":21},"end":{"line":197,"column":76}},"73":{"start":{"line":199,"column":8},"end":{"line":201,"column":null}},"74":{"start":{"line":200,"column":12},"end":{"line":200,"column":25}},"75":{"start":{"line":203,"column":8},"end":{"line":205,"column":null}},"76":{"start":{"line":204,"column":12},"end":{"line":204,"column":25}},"77":{"start":{"line":207,"column":8},"end":{"line":207,"column":30}},"78":{"start":{"line":209,"column":8},"end":{"line":209,"column":40}},"79":{"start":{"line":211,"column":8},"end":{"line":211,"column":20}},"80":{"start":{"line":215,"column":27},"end":{"line":215,"column":42}},"81":{"start":{"line":217,"column":31},"end":{"line":217,"column":61}},"82":{"start":{"line":219,"column":21},"end":{"line":219,"column":76}},"83":{"start":{"line":221,"column":8},"end":{"line":223,"column":null}},"84":{"start":{"line":222,"column":12},"end":{"line":222,"column":25}},"85":{"start":{"line":225,"column":8},"end":{"line":227,"column":null}},"86":{"start":{"line":226,"column":12},"end":{"line":226,"column":25}},"87":{"start":{"line":229,"column":8},"end":{"line":231,"column":null}},"88":{"start":{"line":230,"column":12},"end":{"line":230,"column":25}},"89":{"start":{"line":233,"column":8},"end":{"line":233,"column":28}},"90":{"start":{"line":235,"column":8},"end":{"line":235,"column":40}},"91":{"start":{"line":237,"column":8},"end":{"line":237,"column":20}},"92":{"start":{"line":241,"column":27},"end":{"line":241,"column":42}},"93":{"start":{"line":243,"column":25},"end":{"line":243,"column":55}},"94":{"start":{"line":245,"column":21},"end":{"line":245,"column":76}},"95":{"start":{"line":247,"column":8},"end":{"line":249,"column":null}},"96":{"start":{"line":248,"column":12},"end":{"line":248,"column":25}},"97":{"start":{"line":251,"column":8},"end":{"line":253,"column":10}},"98":{"start":{"line":252,"column":12},"end":{"line":252,"column":25}},"99":{"start":{"line":255,"column":8},"end":{"line":255,"column":32}},"100":{"start":{"line":257,"column":8},"end":{"line":257,"column":34}},"101":{"start":{"line":259,"column":8},"end":{"line":259,"column":20}},"102":{"start":{"line":263,"column":27},"end":{"line":263,"column":42}},"103":{"start":{"line":265,"column":25},"end":{"line":265,"column":55}},"104":{"start":{"line":267,"column":21},"end":{"line":267,"column":76}},"105":{"start":{"line":269,"column":8},"end":{"line":271,"column":null}},"106":{"start":{"line":270,"column":12},"end":{"line":270,"column":25}},"107":{"start":{"line":273,"column":8},"end":{"line":275,"column":null}},"108":{"start":{"line":274,"column":12},"end":{"line":274,"column":25}},"109":{"start":{"line":277,"column":8},"end":{"line":277,"column":35}},"110":{"start":{"line":279,"column":8},"end":{"line":279,"column":34}},"111":{"start":{"line":281,"column":8},"end":{"line":281,"column":20}},"112":{"start":{"line":25,"column":4},"end":{"line":25,"column":null}},"113":{"start":{"line":28,"column":4},"end":{"line":28,"column":null}},"114":{"start":{"line":31,"column":4},"end":{"line":31,"column":null}},"115":{"start":{"line":34,"column":4},"end":{"line":34,"column":null}},"116":{"start":{"line":37,"column":4},"end":{"line":37,"column":null}},"117":{"start":{"line":40,"column":4},"end":{"line":40,"column":null}},"118":{"start":{"line":43,"column":4},"end":{"line":43,"column":null}},"119":{"start":{"line":46,"column":4},"end":{"line":46,"column":null}},"120":{"start":{"line":45,"column":20},"end":{"line":45,"column":24}},"121":{"start":{"line":45,"column":34},"end":{"line":45,"column":51}},"122":{"start":{"line":49,"column":4},"end":{"line":49,"column":null}},"123":{"start":{"line":48,"column":20},"end":{"line":48,"column":24}},"124":{"start":{"line":48,"column":34},"end":{"line":48,"column":52}},"125":{"start":{"line":52,"column":4},"end":{"line":52,"column":null}},"126":{"start":{"line":51,"column":20},"end":{"line":51,"column":24}},"127":{"start":{"line":51,"column":34},"end":{"line":51,"column":49}},"128":{"start":{"line":55,"column":4},"end":{"line":55,"column":null}},"129":{"start":{"line":54,"column":20},"end":{"line":54,"column":27}},"130":{"start":{"line":54,"column":40},"end":{"line":54,"column":53}},"131":{"start":{"line":58,"column":4},"end":{"line":58,"column":null}},"132":{"start":{"line":57,"column":20},"end":{"line":57,"column":24}},"133":{"start":{"line":57,"column":34},"end":{"line":57,"column":49}},"134":{"start":{"line":9,"column":13},"end":{"line":283,"column":null}},"135":{"start":{"line":9,"column":13},"end":{"line":9,"column":17}}},"fnMap":{"0":{"name":"(anonymous_2)","decl":{"start":{"line":10,"column":4},"end":{"line":10,"column":16}},"loc":{"start":{"line":10,"column":205},"end":{"line":22,"column":5}}},"1":{"name":"(anonymous_3)","decl":{"start":{"line":60,"column":11},"end":{"line":60,"column":26}},"loc":{"start":{"line":60,"column":60},"end":{"line":63,"column":5}}},"2":{"name":"(anonymous_4)","decl":{"start":{"line":65,"column":11},"end":{"line":65,"column":21}},"loc":{"start":{"line":65,"column":32},"end":{"line":67,"column":5}}},"3":{"name":"(anonymous_5)","decl":{"start":{"line":69,"column":11},"end":{"line":69,"column":23}},"loc":{"start":{"line":69,"column":23},"end":{"line":71,"column":5}}},"4":{"name":"(anonymous_6)","decl":{"start":{"line":73,"column":11},"end":{"line":73,"column":27}},"loc":{"start":{"line":73,"column":27},"end":{"line":75,"column":5}}},"5":{"name":"(anonymous_7)","decl":{"start":{"line":77,"column":11},"end":{"line":77,"column":30}},"loc":{"start":{"line":77,"column":30},"end":{"line":79,"column":5}}},"6":{"name":"(anonymous_8)","decl":{"start":{"line":81,"column":11},"end":{"line":81,"column":17}},"loc":{"start":{"line":81,"column":53},"end":{"line":100,"column":5}}},"7":{"name":"(anonymous_9)","decl":{"start":{"line":96,"column":49},"end":{"line":96,"column":50}},"loc":{"start":{"line":96,"column":54},"end":{"line":96,"column":63}}},"8":{"name":"(anonymous_10)","decl":{"start":{"line":97,"column":37},"end":{"line":97,"column":38}},"loc":{"start":{"line":97,"column":42},"end":{"line":97,"column":49}}},"9":{"name":"(anonymous_11)","decl":{"start":{"line":102,"column":11},"end":{"line":102,"column":17}},"loc":{"start":{"line":102,"column":55},"end":{"line":114,"column":5}}},"10":{"name":"(anonymous_12)","decl":{"start":{"line":116,"column":11},"end":{"line":116,"column":17}},"loc":{"start":{"line":116,"column":141},"end":{"line":132,"column":5}}},"11":{"name":"(anonymous_13)","decl":{"start":{"line":134,"column":11},"end":{"line":134,"column":17}},"loc":{"start":{"line":134,"column":81},"end":{"line":164,"column":5}}},"12":{"name":"(anonymous_14)","decl":{"start":{"line":161,"column":40},"end":{"line":161,"column":41}},"loc":{"start":{"line":161,"column":45},"end":{"line":161,"column":88}}},"13":{"name":"(anonymous_15)","decl":{"start":{"line":166,"column":11},"end":{"line":166,"column":17}},"loc":{"start":{"line":166,"column":105},"end":{"line":190,"column":5}}},"14":{"name":"(anonymous_16)","decl":{"start":{"line":192,"column":11},"end":{"line":192,"column":17}},"loc":{"start":{"line":192,"column":90},"end":{"line":212,"column":5}}},"15":{"name":"(anonymous_17)","decl":{"start":{"line":214,"column":11},"end":{"line":214,"column":17}},"loc":{"start":{"line":214,"column":82},"end":{"line":238,"column":5}}},"16":{"name":"(anonymous_18)","decl":{"start":{"line":240,"column":11},"end":{"line":240,"column":17}},"loc":{"start":{"line":240,"column":86},"end":{"line":260,"column":5}}},"17":{"name":"(anonymous_19)","decl":{"start":{"line":262,"column":11},"end":{"line":262,"column":17}},"loc":{"start":{"line":262,"column":85},"end":{"line":282,"column":5}}},"18":{"name":"(anonymous_20)","decl":{"start":{"line":45,"column":15},"end":{"line":45,"column":16}},"loc":{"start":{"line":45,"column":20},"end":{"line":45,"column":24}}},"19":{"name":"(anonymous_21)","decl":{"start":{"line":45,"column":26},"end":{"line":45,"column":30}},"loc":{"start":{"line":45,"column":34},"end":{"line":45,"column":51}}},"20":{"name":"(anonymous_22)","decl":{"start":{"line":48,"column":15},"end":{"line":48,"column":16}},"loc":{"start":{"line":48,"column":20},"end":{"line":48,"column":24}}},"21":{"name":"(anonymous_23)","decl":{"start":{"line":48,"column":26},"end":{"line":48,"column":30}},"loc":{"start":{"line":48,"column":34},"end":{"line":48,"column":52}}},"22":{"name":"(anonymous_24)","decl":{"start":{"line":51,"column":15},"end":{"line":51,"column":16}},"loc":{"start":{"line":51,"column":20},"end":{"line":51,"column":24}}},"23":{"name":"(anonymous_25)","decl":{"start":{"line":51,"column":26},"end":{"line":51,"column":30}},"loc":{"start":{"line":51,"column":34},"end":{"line":51,"column":49}}},"24":{"name":"(anonymous_26)","decl":{"start":{"line":54,"column":15},"end":{"line":54,"column":16}},"loc":{"start":{"line":54,"column":20},"end":{"line":54,"column":27}}},"25":{"name":"(anonymous_27)","decl":{"start":{"line":54,"column":29},"end":{"line":54,"column":36}},"loc":{"start":{"line":54,"column":40},"end":{"line":54,"column":53}}},"26":{"name":"(anonymous_28)","decl":{"start":{"line":57,"column":15},"end":{"line":57,"column":16}},"loc":{"start":{"line":57,"column":20},"end":{"line":57,"column":24}}},"27":{"name":"(anonymous_29)","decl":{"start":{"line":57,"column":26},"end":{"line":57,"column":30}},"loc":{"start":{"line":57,"column":34},"end":{"line":57,"column":49}}}},"branchMap":{"0":{"loc":{"start":{"line":109,"column":8},"end":{"line":111,"column":null}},"type":"if","locations":[{"start":{"line":109,"column":8},"end":{"line":111,"column":null}},{"start":{"line":109,"column":8},"end":{"line":111,"column":null}}]},"1":{"loc":{"start":{"line":117,"column":8},"end":{"line":119,"column":null}},"type":"if","locations":[{"start":{"line":117,"column":8},"end":{"line":119,"column":null}},{"start":{"line":117,"column":8},"end":{"line":119,"column":null}}]},"2":{"loc":{"start":{"line":153,"column":8},"end":{"line":155,"column":null}},"type":"if","locations":[{"start":{"line":153,"column":8},"end":{"line":155,"column":null}},{"start":{"line":153,"column":8},"end":{"line":155,"column":null}}]},"3":{"loc":{"start":{"line":157,"column":8},"end":{"line":159,"column":null}},"type":"if","locations":[{"start":{"line":157,"column":8},"end":{"line":159,"column":null}},{"start":{"line":157,"column":8},"end":{"line":159,"column":null}}]},"4":{"loc":{"start":{"line":167,"column":8},"end":{"line":169,"column":null}},"type":"if","locations":[{"start":{"line":167,"column":8},"end":{"line":169,"column":null}},{"start":{"line":167,"column":8},"end":{"line":169,"column":null}}]},"5":{"loc":{"start":{"line":167,"column":12},"end":{"line":167,"column":23}},"type":"binary-expr","locations":[{"start":{"line":167,"column":12},"end":{"line":167,"column":23}},{"start":{"line":167,"column":27},"end":{"line":167,"column":32}}]},"6":{"loc":{"start":{"line":177,"column":8},"end":{"line":179,"column":null}},"type":"if","locations":[{"start":{"line":177,"column":8},"end":{"line":179,"column":null}},{"start":{"line":177,"column":8},"end":{"line":179,"column":null}}]},"7":{"loc":{"start":{"line":181,"column":8},"end":{"line":183,"column":null}},"type":"if","locations":[{"start":{"line":181,"column":8},"end":{"line":183,"column":null}},{"start":{"line":181,"column":8},"end":{"line":183,"column":null}}]},"8":{"loc":{"start":{"line":199,"column":8},"end":{"line":201,"column":null}},"type":"if","locations":[{"start":{"line":199,"column":8},"end":{"line":201,"column":null}},{"start":{"line":199,"column":8},"end":{"line":201,"column":null}}]},"9":{"loc":{"start":{"line":203,"column":8},"end":{"line":205,"column":null}},"type":"if","locations":[{"start":{"line":203,"column":8},"end":{"line":205,"column":null}},{"start":{"line":203,"column":8},"end":{"line":205,"column":null}}]},"10":{"loc":{"start":{"line":221,"column":8},"end":{"line":223,"column":null}},"type":"if","locations":[{"start":{"line":221,"column":8},"end":{"line":223,"column":null}},{"start":{"line":221,"column":8},"end":{"line":223,"column":null}}]},"11":{"loc":{"start":{"line":225,"column":8},"end":{"line":227,"column":null}},"type":"if","locations":[{"start":{"line":225,"column":8},"end":{"line":227,"column":null}},{"start":{"line":225,"column":8},"end":{"line":227,"column":null}}]},"12":{"loc":{"start":{"line":229,"column":8},"end":{"line":231,"column":null}},"type":"if","locations":[{"start":{"line":229,"column":8},"end":{"line":231,"column":null}},{"start":{"line":229,"column":8},"end":{"line":231,"column":null}}]},"13":{"loc":{"start":{"line":247,"column":8},"end":{"line":249,"column":null}},"type":"if","locations":[{"start":{"line":247,"column":8},"end":{"line":249,"column":null}},{"start":{"line":247,"column":8},"end":{"line":249,"column":null}}]},"14":{"loc":{"start":{"line":251,"column":8},"end":{"line":253,"column":10}},"type":"if","locations":[{"start":{"line":251,"column":8},"end":{"line":253,"column":10}},{"start":{"line":251,"column":8},"end":{"line":253,"column":10}}]},"15":{"loc":{"start":{"line":269,"column":8},"end":{"line":271,"column":null}},"type":"if","locations":[{"start":{"line":269,"column":8},"end":{"line":271,"column":null}},{"start":{"line":269,"column":8},"end":{"line":271,"column":null}}]},"16":{"loc":{"start":{"line":273,"column":8},"end":{"line":275,"column":null}},"type":"if","locations":[{"start":{"line":273,"column":8},"end":{"line":275,"column":null}},{"start":{"line":273,"column":8},"end":{"line":275,"column":null}}]}},"s":{"0":20,"1":20,"2":20,"3":20,"4":20,"5":20,"6":20,"7":7,"8":7,"9":7,"10":7,"11":7,"12":7,"13":7,"14":7,"15":7,"16":7,"17":7,"18":1,"19":1,"20":1,"21":1,"22":1,"23":1,"24":1,"25":1,"26":1,"27":1,"28":2,"29":1,"30":2,"31":1,"32":2,"33":2,"34":2,"35":2,"36":1,"37":1,"38":2,"39":1,"40":1,"41":1,"42":1,"43":1,"44":1,"45":1,"46":4,"47":4,"48":4,"49":4,"50":4,"51":4,"52":2,"53":2,"54":1,"55":1,"56":1,"57":1,"58":5,"59":2,"60":3,"61":3,"62":3,"63":3,"64":1,"65":2,"66":1,"67":1,"68":1,"69":1,"70":3,"71":3,"72":3,"73":3,"74":1,"75":2,"76":1,"77":1,"78":1,"79":1,"80":4,"81":4,"82":4,"83":4,"84":1,"85":3,"86":1,"87":2,"88":1,"89":1,"90":1,"91":1,"92":3,"93":3,"94":3,"95":3,"96":1,"97":2,"98":1,"99":1,"100":1,"101":1,"102":3,"103":3,"104":3,"105":3,"106":1,"107":2,"108":1,"109":1,"110":1,"111":1,"112":20,"113":20,"114":20,"115":20,"116":20,"117":20,"118":20,"119":20,"120":0,"121":0,"122":20,"123":0,"124":0,"125":20,"126":0,"127":0,"128":20,"129":0,"130":0,"131":20,"132":0,"133":0,"134":20,"135":20},"f":{"0":7,"1":1,"2":1,"3":1,"4":1,"5":1,"6":1,"7":2,"8":2,"9":2,"10":2,"11":4,"12":1,"13":5,"14":3,"15":4,"16":3,"17":3,"18":0,"19":0,"20":0,"21":0,"22":0,"23":0,"24":0,"25":0,"26":0,"27":0},"b":{"0":[1,1],"1":[1,1],"2":[2,2],"3":[1,1],"4":[2,3],"5":[5,4],"6":[1,2],"7":[1,1],"8":[1,2],"9":[1,1],"10":[1,3],"11":[1,2],"12":[1,1],"13":[1,2],"14":[1,1],"15":[1,2],"16":[1,1]}}
,"/Users/vylpes/projects/sonar/src/entity/User.ts": {"path":"/Users/vylpes/projects/sonar/src/entity/User.ts","statementMap":{"0":{"start":{"line":1,"column":0},"end":{"line":1,"column":41}},"1":{"start":{"line":2,"column":0},"end":{"line":2,"column":80}},"2":{"start":{"line":3,"column":0},"end":{"line":3,"column":36}},"3":{"start":{"line":4,"column":0},"end":{"line":4,"column":44}},"4":{"start":{"line":5,"column":0},"end":{"line":5,"column":30}},"5":{"start":{"line":6,"column":0},"end":{"line":6,"column":34}},"6":{"start":{"line":7,"column":0},"end":{"line":7,"column":79}},"7":{"start":{"line":10,"column":17},"end":{"line":172,"column":null}},"8":{"start":{"line":12,"column":8},"end":{"line":12,"column":21}},"9":{"start":{"line":13,"column":8},"end":{"line":13,"column":27}},"10":{"start":{"line":14,"column":8},"end":{"line":14,"column":33}},"11":{"start":{"line":15,"column":8},"end":{"line":15,"column":33}},"12":{"start":{"line":16,"column":8},"end":{"line":16,"column":33}},"13":{"start":{"line":17,"column":8},"end":{"line":17,"column":27}},"14":{"start":{"line":18,"column":8},"end":{"line":18,"column":29}},"15":{"start":{"line":55,"column":8},"end":{"line":55,"column":27}},"16":{"start":{"line":56,"column":8},"end":{"line":56,"column":33}},"17":{"start":{"line":57,"column":8},"end":{"line":57,"column":33}},"18":{"start":{"line":61,"column":27},"end":{"line":61,"column":42}},"19":{"start":{"line":63,"column":31},"end":{"line":63,"column":61}},"20":{"start":{"line":65,"column":21},"end":{"line":65,"column":67}},"21":{"start":{"line":67,"column":8},"end":{"line":69,"column":null}},"22":{"start":{"line":68,"column":12},"end":{"line":68,"column":25}},"23":{"start":{"line":71,"column":21},"end":{"line":71,"column":59}},"24":{"start":{"line":73,"column":8},"end":{"line":73,"column":20}},"25":{"start":{"line":77,"column":8},"end":{"line":79,"column":null}},"26":{"start":{"line":78,"column":12},"end":{"line":78,"column":25}},"27":{"start":{"line":81,"column":8},"end":{"line":83,"column":null}},"28":{"start":{"line":82,"column":12},"end":{"line":82,"column":25}},"29":{"start":{"line":85,"column":27},"end":{"line":85,"column":42}},"30":{"start":{"line":87,"column":31},"end":{"line":87,"column":61}},"31":{"start":{"line":89,"column":19},"end":{"line":89,"column":70}},"32":{"start":{"line":91,"column":8},"end":{"line":93,"column":null}},"33":{"start":{"line":92,"column":12},"end":{"line":92,"column":25}},"34":{"start":{"line":95,"column":8},"end":{"line":95,"column":73}},"35":{"start":{"line":97,"column":8},"end":{"line":99,"column":null}},"36":{"start":{"line":98,"column":12},"end":{"line":98,"column":25}},"37":{"start":{"line":101,"column":28},"end":{"line":101,"column":71}},"38":{"start":{"line":103,"column":24},"end":{"line":103,"column":47}},"39":{"start":{"line":105,"column":31},"end":{"line":105,"column":55}},"40":{"start":{"line":107,"column":28},"end":{"line":107,"column":101}},"41":{"start":{"line":109,"column":8},"end":{"line":109,"column":41}},"42":{"start":{"line":111,"column":8},"end":{"line":111,"column":20}},"43":{"start":{"line":115,"column":27},"end":{"line":115,"column":42}},"44":{"start":{"line":117,"column":31},"end":{"line":117,"column":61}},"45":{"start":{"line":119,"column":8},"end":{"line":119,"column":52}},"46":{"start":{"line":123,"column":27},"end":{"line":123,"column":42}},"47":{"start":{"line":125,"column":31},"end":{"line":125,"column":61}},"48":{"start":{"line":127,"column":8},"end":{"line":127,"column":62}},"49":{"start":{"line":131,"column":27},"end":{"line":131,"column":42}},"50":{"start":{"line":133,"column":31},"end":{"line":133,"column":61}},"51":{"start":{"line":135,"column":8},"end":{"line":135,"column":68}},"52":{"start":{"line":139,"column":27},"end":{"line":139,"column":42}},"53":{"start":{"line":141,"column":25},"end":{"line":141,"column":55}},"54":{"start":{"line":143,"column":21},"end":{"line":143,"column":59}},"55":{"start":{"line":145,"column":8},"end":{"line":147,"column":null}},"56":{"start":{"line":146,"column":12},"end":{"line":146,"column":61}},"57":{"start":{"line":149,"column":28},"end":{"line":149,"column":67}},"58":{"start":{"line":150,"column":31},"end":{"line":150,"column":69}},"59":{"start":{"line":152,"column":8},"end":{"line":154,"column":null}},"60":{"start":{"line":153,"column":12},"end":{"line":153,"column":67}},"61":{"start":{"line":156,"column":8},"end":{"line":158,"column":null}},"62":{"start":{"line":157,"column":12},"end":{"line":157,"column":70}},"63":{"start":{"line":160,"column":8},"end":{"line":162,"column":null}},"64":{"start":{"line":161,"column":12},"end":{"line":161,"column":90}},"65":{"start":{"line":164,"column":31},"end":{"line":164,"column":55}},"66":{"start":{"line":166,"column":8},"end":{"line":166,"column":63}},"67":{"start":{"line":168,"column":8},"end":{"line":168,"column":34}},"68":{"start":{"line":170,"column":8},"end":{"line":170,"column":34}},"69":{"start":{"line":22,"column":4},"end":{"line":22,"column":null}},"70":{"start":{"line":25,"column":4},"end":{"line":25,"column":null}},"71":{"start":{"line":28,"column":4},"end":{"line":28,"column":null}},"72":{"start":{"line":31,"column":4},"end":{"line":31,"column":null}},"73":{"start":{"line":34,"column":4},"end":{"line":34,"column":null}},"74":{"start":{"line":37,"column":4},"end":{"line":37,"column":null}},"75":{"start":{"line":40,"column":4},"end":{"line":40,"column":null}},"76":{"start":{"line":43,"column":4},"end":{"line":43,"column":null}},"77":{"start":{"line":42,"column":20},"end":{"line":42,"column":27}},"78":{"start":{"line":42,"column":40},"end":{"line":42,"column":57}},"79":{"start":{"line":46,"column":4},"end":{"line":46,"column":null}},"80":{"start":{"line":45,"column":20},"end":{"line":45,"column":31}},"81":{"start":{"line":45,"column":48},"end":{"line":45,"column":64}},"82":{"start":{"line":49,"column":4},"end":{"line":49,"column":null}},"83":{"start":{"line":48,"column":20},"end":{"line":48,"column":24}},"84":{"start":{"line":48,"column":34},"end":{"line":48,"column":48}},"85":{"start":{"line":52,"column":4},"end":{"line":52,"column":null}},"86":{"start":{"line":51,"column":20},"end":{"line":51,"column":24}},"87":{"start":{"line":51,"column":34},"end":{"line":51,"column":49}},"88":{"start":{"line":10,"column":13},"end":{"line":172,"column":null}},"89":{"start":{"line":10,"column":13},"end":{"line":10,"column":17}}},"fnMap":{"0":{"name":"(anonymous_2)","decl":{"start":{"line":11,"column":4},"end":{"line":11,"column":16}},"loc":{"start":{"line":11,"column":129},"end":{"line":19,"column":5}}},"1":{"name":"(anonymous_3)","decl":{"start":{"line":54,"column":11},"end":{"line":54,"column":27}},"loc":{"start":{"line":54,"column":77},"end":{"line":58,"column":5}}},"2":{"name":"(anonymous_4)","decl":{"start":{"line":60,"column":11},"end":{"line":60,"column":17}},"loc":{"start":{"line":60,"column":70},"end":{"line":74,"column":5}}},"3":{"name":"(anonymous_5)","decl":{"start":{"line":76,"column":11},"end":{"line":76,"column":17}},"loc":{"start":{"line":76,"column":110},"end":{"line":112,"column":5}}},"4":{"name":"(anonymous_6)","decl":{"start":{"line":114,"column":11},"end":{"line":114,"column":17}},"loc":{"start":{"line":114,"column":46},"end":{"line":120,"column":5}}},"5":{"name":"(anonymous_7)","decl":{"start":{"line":122,"column":11},"end":{"line":122,"column":17}},"loc":{"start":{"line":122,"column":59},"end":{"line":128,"column":5}}},"6":{"name":"(anonymous_8)","decl":{"start":{"line":130,"column":11},"end":{"line":130,"column":17}},"loc":{"start":{"line":130,"column":58},"end":{"line":136,"column":5}}},"7":{"name":"(anonymous_9)","decl":{"start":{"line":138,"column":11},"end":{"line":138,"column":17}},"loc":{"start":{"line":138,"column":117},"end":{"line":171,"column":5}}},"8":{"name":"(anonymous_10)","decl":{"start":{"line":42,"column":15},"end":{"line":42,"column":16}},"loc":{"start":{"line":42,"column":20},"end":{"line":42,"column":27}}},"9":{"name":"(anonymous_11)","decl":{"start":{"line":42,"column":29},"end":{"line":42,"column":36}},"loc":{"start":{"line":42,"column":40},"end":{"line":42,"column":57}}},"10":{"name":"(anonymous_12)","decl":{"start":{"line":45,"column":15},"end":{"line":45,"column":16}},"loc":{"start":{"line":45,"column":20},"end":{"line":45,"column":31}}},"11":{"name":"(anonymous_13)","decl":{"start":{"line":45,"column":33},"end":{"line":45,"column":44}},"loc":{"start":{"line":45,"column":48},"end":{"line":45,"column":64}}},"12":{"name":"(anonymous_14)","decl":{"start":{"line":48,"column":15},"end":{"line":48,"column":16}},"loc":{"start":{"line":48,"column":20},"end":{"line":48,"column":24}}},"13":{"name":"(anonymous_15)","decl":{"start":{"line":48,"column":26},"end":{"line":48,"column":30}},"loc":{"start":{"line":48,"column":34},"end":{"line":48,"column":48}}},"14":{"name":"(anonymous_16)","decl":{"start":{"line":51,"column":15},"end":{"line":51,"column":16}},"loc":{"start":{"line":51,"column":20},"end":{"line":51,"column":24}}},"15":{"name":"(anonymous_17)","decl":{"start":{"line":51,"column":26},"end":{"line":51,"column":30}},"loc":{"start":{"line":51,"column":34},"end":{"line":51,"column":49}}}},"branchMap":{"0":{"loc":{"start":{"line":67,"column":8},"end":{"line":69,"column":null}},"type":"if","locations":[{"start":{"line":67,"column":8},"end":{"line":69,"column":null}},{"start":{"line":67,"column":8},"end":{"line":69,"column":null}}]},"1":{"loc":{"start":{"line":77,"column":8},"end":{"line":79,"column":null}},"type":"if","locations":[{"start":{"line":77,"column":8},"end":{"line":79,"column":null}},{"start":{"line":77,"column":8},"end":{"line":79,"column":null}}]},"2":{"loc":{"start":{"line":81,"column":8},"end":{"line":83,"column":null}},"type":"if","locations":[{"start":{"line":81,"column":8},"end":{"line":83,"column":null}},{"start":{"line":81,"column":8},"end":{"line":83,"column":null}}]},"3":{"loc":{"start":{"line":91,"column":8},"end":{"line":93,"column":null}},"type":"if","locations":[{"start":{"line":91,"column":8},"end":{"line":93,"column":null}},{"start":{"line":91,"column":8},"end":{"line":93,"column":null}}]},"4":{"loc":{"start":{"line":97,"column":8},"end":{"line":99,"column":null}},"type":"if","locations":[{"start":{"line":97,"column":8},"end":{"line":99,"column":null}},{"start":{"line":97,"column":8},"end":{"line":99,"column":null}}]},"5":{"loc":{"start":{"line":145,"column":8},"end":{"line":147,"column":null}},"type":"if","locations":[{"start":{"line":145,"column":8},"end":{"line":147,"column":null}},{"start":{"line":145,"column":8},"end":{"line":147,"column":null}}]},"6":{"loc":{"start":{"line":152,"column":8},"end":{"line":154,"column":null}},"type":"if","locations":[{"start":{"line":152,"column":8},"end":{"line":154,"column":null}},{"start":{"line":152,"column":8},"end":{"line":154,"column":null}}]},"7":{"loc":{"start":{"line":152,"column":12},"end":{"line":152,"column":38}},"type":"binary-expr","locations":[{"start":{"line":152,"column":12},"end":{"line":152,"column":38}},{"start":{"line":152,"column":42},"end":{"line":152,"column":53}}]},"8":{"loc":{"start":{"line":156,"column":8},"end":{"line":158,"column":null}},"type":"if","locations":[{"start":{"line":156,"column":8},"end":{"line":158,"column":null}},{"start":{"line":156,"column":8},"end":{"line":158,"column":null}}]},"9":{"loc":{"start":{"line":156,"column":12},"end":{"line":156,"column":44}},"type":"binary-expr","locations":[{"start":{"line":156,"column":12},"end":{"line":156,"column":44}},{"start":{"line":156,"column":48},"end":{"line":156,"column":62}}]},"10":{"loc":{"start":{"line":160,"column":8},"end":{"line":162,"column":null}},"type":"if","locations":[{"start":{"line":160,"column":8},"end":{"line":162,"column":null}},{"start":{"line":160,"column":8},"end":{"line":162,"column":null}}]}},"s":{"0":20,"1":20,"2":20,"3":20,"4":20,"5":20,"6":20,"7":20,"8":4,"9":4,"10":4,"11":4,"12":4,"13":4,"14":4,"15":1,"16":1,"17":1,"18":3,"19":3,"20":3,"21":3,"22":1,"23":2,"24":2,"25":6,"26":1,"27":5,"28":1,"29":4,"30":4,"31":4,"32":4,"33":1,"34":3,"35":3,"36":1,"37":2,"38":2,"39":2,"40":2,"41":2,"42":2,"43":2,"44":2,"45":2,"46":2,"47":2,"48":2,"49":2,"50":2,"51":2,"52":5,"53":5,"54":5,"55":5,"56":1,"57":4,"58":4,"59":4,"60":1,"61":3,"62":1,"63":2,"64":1,"65":1,"66":1,"67":1,"68":1,"69":20,"70":20,"71":20,"72":20,"73":20,"74":20,"75":20,"76":20,"77":0,"78":0,"79":20,"80":0,"81":0,"82":20,"83":0,"84":0,"85":20,"86":0,"87":0,"88":20,"89":20},"f":{"0":4,"1":1,"2":3,"3":6,"4":2,"5":2,"6":2,"7":5,"8":0,"9":0,"10":0,"11":0,"12":0,"13":0,"14":0,"15":0},"b":{"0":[1,2],"1":[1,5],"2":[1,4],"3":[1,3],"4":[1,2],"5":[1,4],"6":[1,3],"7":[4,4],"8":[1,2],"9":[3,3],"10":[1,1]}}
,"/Users/vylpes/projects/sonar/src/middleware/pugMiddleware.ts": {"path":"/Users/vylpes/projects/sonar/src/middleware/pugMiddleware.ts","statementMap":{"0":{"start":{"line":5,"column":8},"end":{"line":11,"column":10}},"1":{"start":{"line":13,"column":8},"end":{"line":13,"column":15}},"2":{"start":{"line":3,"column":0},"end":{"line":3,"column":13}}},"fnMap":{"0":{"name":"(anonymous_0)","decl":{"start":{"line":4,"column":11},"end":{"line":4,"column":17}},"loc":{"start":{"line":4,"column":79},"end":{"line":14,"column":5}}}},"branchMap":{},"s":{"0":1,"1":1,"2":1},"f":{"0":1},"b":{}}
,"/Users/vylpes/projects/sonar/src/middleware/userMiddleware.ts": {"path":"/Users/vylpes/projects/sonar/src/middleware/userMiddleware.ts","statementMap":{"0":{"start":{"line":5,"column":8},"end":{"line":10,"column":null}},"1":{"start":{"line":6,"column":12},"end":{"line":6,"column":19}},"2":{"start":{"line":8,"column":12},"end":{"line":8,"column":48}},"3":{"start":{"line":9,"column":12},"end":{"line":9,"column":40}},"4":{"start":{"line":3,"column":0},"end":{"line":3,"column":13}}},"fnMap":{"0":{"name":"(anonymous_0)","decl":{"start":{"line":4,"column":11},"end":{"line":4,"column":17}},"loc":{"start":{"line":4,"column":75},"end":{"line":11,"column":5}}}},"branchMap":{"0":{"loc":{"start":{"line":5,"column":8},"end":{"line":10,"column":null}},"type":"if","locations":[{"start":{"line":5,"column":8},"end":{"line":10,"column":null}},{"start":{"line":5,"column":8},"end":{"line":10,"column":null}}]}},"s":{"0":2,"1":1,"2":1,"3":1,"4":17},"f":{"0":2},"b":{"0":[1,1]}}
,"/Users/vylpes/projects/sonar/src/routes/auth/login.ts": {"path":"/Users/vylpes/projects/sonar/src/routes/auth/login.ts","statementMap":{"0":{"start":{"line":2,"column":0},"end":{"line":2,"column":44}},"1":{"start":{"line":3,"column":0},"end":{"line":3,"column":41}},"2":{"start":{"line":7,"column":8},"end":{"line":7,"column":22}},"3":{"start":{"line":11,"column":8},"end":{"line":18,"column":11}},"4":{"start":{"line":12,"column":12},"end":{"line":15,"column":null}},"5":{"start":{"line":13,"column":16},"end":{"line":13,"column":43}},"6":{"start":{"line":14,"column":2},"end":{"line":14,"column":9}},"7":{"start":{"line":17,"column":12},"end":{"line":17,"column":58}},"8":{"start":{"line":22,"column":8},"end":{"line":44,"column":11}},"9":{"start":{"line":23,"column":26},"end":{"line":23,"column":40}},"10":{"start":{"line":24,"column":29},"end":{"line":24,"column":46}},"11":{"start":{"line":26,"column":12},"end":{"line":30,"column":null}},"12":{"start":{"line":27,"column":16},"end":{"line":27,"column":62}},"13":{"start":{"line":28,"column":16},"end":{"line":28,"column":44}},"14":{"start":{"line":29,"column":16},"end":{"line":29,"column":23}},"15":{"start":{"line":32,"column":12},"end":{"line":43,"column":null}},"16":{"start":{"line":33,"column":16},"end":{"line":39,"column":19}},"17":{"start":{"line":34,"column":33},"end":{"line":34,"column":72}},"18":{"start":{"line":36,"column":20},"end":{"line":36,"column":44}},"19":{"start":{"line":38,"column":20},"end":{"line":38,"column":47}},"20":{"start":{"line":41,"column":16},"end":{"line":41,"column":60}},"21":{"start":{"line":42,"column":16},"end":{"line":42,"column":44}},"22":{"start":{"line":5,"column":0},"end":{"line":5,"column":13}}},"fnMap":{"0":{"name":"(anonymous_0)","decl":{"start":{"line":6,"column":4},"end":{"line":6,"column":16}},"loc":{"start":{"line":6,"column":30},"end":{"line":8,"column":5}}},"1":{"name":"(anonymous_1)","decl":{"start":{"line":10,"column":4},"end":{"line":10,"column":9}},"loc":{"start":{"line":10,"column":9},"end":{"line":19,"column":5}}},"2":{"name":"(anonymous_2)","decl":{"start":{"line":11,"column":35},"end":{"line":11,"column":36}},"loc":{"start":{"line":11,"column":67},"end":{"line":18,"column":9}}},"3":{"name":"(anonymous_3)","decl":{"start":{"line":21,"column":4},"end":{"line":21,"column":10}},"loc":{"start":{"line":21,"column":10},"end":{"line":45,"column":5}}},"4":{"name":"(anonymous_4)","decl":{"start":{"line":22,"column":36},"end":{"line":22,"column":41}},"loc":{"start":{"line":22,"column":74},"end":{"line":44,"column":9}}},"5":{"name":"(anonymous_5)","decl":{"start":{"line":33,"column":39},"end":{"line":33,"column":44}},"loc":{"start":{"line":33,"column":50},"end":{"line":39,"column":17}}}},"branchMap":{"0":{"loc":{"start":{"line":12,"column":12},"end":{"line":15,"column":null}},"type":"if","locations":[{"start":{"line":12,"column":12},"end":{"line":15,"column":null}},{"start":{"line":12,"column":12},"end":{"line":15,"column":null}}]},"1":{"loc":{"start":{"line":26,"column":12},"end":{"line":30,"column":null}},"type":"if","locations":[{"start":{"line":26,"column":12},"end":{"line":30,"column":null}},{"start":{"line":26,"column":12},"end":{"line":30,"column":null}}]},"2":{"loc":{"start":{"line":26,"column":16},"end":{"line":26,"column":22}},"type":"binary-expr","locations":[{"start":{"line":26,"column":16},"end":{"line":26,"column":22}},{"start":{"line":26,"column":26},"end":{"line":26,"column":35}}]},"3":{"loc":{"start":{"line":32,"column":12},"end":{"line":43,"column":null}},"type":"if","locations":[{"start":{"line":32,"column":12},"end":{"line":43,"column":null}},{"start":{"line":32,"column":12},"end":{"line":43,"column":null}}]}},"s":{"0":1,"1":1,"2":6,"3":2,"4":2,"5":1,"6":1,"7":1,"8":4,"9":4,"10":4,"11":4,"12":2,"13":2,"14":2,"15":2,"16":1,"17":1,"18":1,"19":1,"20":1,"21":1,"22":1},"f":{"0":6,"1":2,"2":2,"3":4,"4":4,"5":1},"b":{"0":[1,1],"1":[2,2],"2":[4,3],"3":[1,1]}}
,"/Users/vylpes/projects/sonar/src/routes/auth/logout.ts": {"path":"/Users/vylpes/projects/sonar/src/routes/auth/logout.ts","statementMap":{"0":{"start":{"line":2,"column":0},"end":{"line":2,"column":44}},"1":{"start":{"line":6,"column":8},"end":{"line":6,"column":22}},"2":{"start":{"line":10,"column":8},"end":{"line":14,"column":11}},"3":{"start":{"line":11,"column":12},"end":{"line":13,"column":15}},"4":{"start":{"line":12,"column":16},"end":{"line":12,"column":34}},"5":{"start":{"line":4,"column":0},"end":{"line":4,"column":13}}},"fnMap":{"0":{"name":"(anonymous_0)","decl":{"start":{"line":5,"column":4},"end":{"line":5,"column":16}},"loc":{"start":{"line":5,"column":30},"end":{"line":7,"column":5}}},"1":{"name":"(anonymous_1)","decl":{"start":{"line":9,"column":4},"end":{"line":9,"column":9}},"loc":{"start":{"line":9,"column":9},"end":{"line":15,"column":5}}},"2":{"name":"(anonymous_2)","decl":{"start":{"line":10,"column":36},"end":{"line":10,"column":37}},"loc":{"start":{"line":10,"column":68},"end":{"line":14,"column":9}}},"3":{"name":"(anonymous_3)","decl":{"start":{"line":11,"column":32},"end":{"line":11,"column":35}},"loc":{"start":{"line":11,"column":37},"end":{"line":13,"column":13}}}},"branchMap":{},"s":{"0":1,"1":1,"2":1,"3":1,"4":1,"5":1},"f":{"0":1,"1":1,"2":1,"3":1},"b":{}}
,"/Users/vylpes/projects/sonar/src/routes/auth/register.ts": {"path":"/Users/vylpes/projects/sonar/src/routes/auth/register.ts","statementMap":{"0":{"start":{"line":2,"column":0},"end":{"line":2,"column":44}},"1":{"start":{"line":3,"column":0},"end":{"line":3,"column":41}},"2":{"start":{"line":7,"column":8},"end":{"line":7,"column":22}},"3":{"start":{"line":11,"column":8},"end":{"line":44,"column":11}},"4":{"start":{"line":12,"column":29},"end":{"line":12,"column":46}},"5":{"start":{"line":13,"column":26},"end":{"line":13,"column":40}},"6":{"start":{"line":14,"column":29},"end":{"line":14,"column":46}},"7":{"start":{"line":15,"column":35},"end":{"line":15,"column":58}},"8":{"start":{"line":17,"column":12},"end":{"line":21,"column":null}},"9":{"start":{"line":18,"column":16},"end":{"line":18,"column":62}},"10":{"start":{"line":19,"column":16},"end":{"line":19,"column":44}},"11":{"start":{"line":20,"column":16},"end":{"line":20,"column":23}},"12":{"start":{"line":23,"column":5},"end":{"line":27,"column":null}},"13":{"start":{"line":24,"column":2},"end":{"line":24,"column":77}},"14":{"start":{"line":25,"column":2},"end":{"line":25,"column":30}},"15":{"start":{"line":26,"column":2},"end":{"line":26,"column":9}},"16":{"start":{"line":30,"column":5},"end":{"line":34,"column":null}},"17":{"start":{"line":31,"column":2},"end":{"line":31,"column":47}},"18":{"start":{"line":32,"column":2},"end":{"line":32,"column":30}},"19":{"start":{"line":33,"column":2},"end":{"line":33,"column":9}},"20":{"start":{"line":36,"column":12},"end":{"line":40,"column":null}},"21":{"start":{"line":37,"column":16},"end":{"line":37,"column":63}},"22":{"start":{"line":38,"column":16},"end":{"line":38,"column":44}},"23":{"start":{"line":39,"column":16},"end":{"line":39,"column":23}},"24":{"start":{"line":42,"column":12},"end":{"line":42,"column":76}},"25":{"start":{"line":43,"column":12},"end":{"line":43,"column":40}},"26":{"start":{"line":5,"column":0},"end":{"line":5,"column":13}}},"fnMap":{"0":{"name":"(anonymous_0)","decl":{"start":{"line":6,"column":4},"end":{"line":6,"column":16}},"loc":{"start":{"line":6,"column":30},"end":{"line":8,"column":5}}},"1":{"name":"(anonymous_1)","decl":{"start":{"line":10,"column":4},"end":{"line":10,"column":10}},"loc":{"start":{"line":10,"column":10},"end":{"line":45,"column":5}}},"2":{"name":"(anonymous_2)","decl":{"start":{"line":11,"column":39},"end":{"line":11,"column":44}},"loc":{"start":{"line":11,"column":77},"end":{"line":44,"column":9}}}},"branchMap":{"0":{"loc":{"start":{"line":17,"column":12},"end":{"line":21,"column":null}},"type":"if","locations":[{"start":{"line":17,"column":12},"end":{"line":21,"column":null}},{"start":{"line":17,"column":12},"end":{"line":21,"column":null}}]},"1":{"loc":{"start":{"line":17,"column":16},"end":{"line":17,"column":25}},"type":"binary-expr","locations":[{"start":{"line":17,"column":16},"end":{"line":17,"column":25}},{"start":{"line":17,"column":29},"end":{"line":17,"column":35}},{"start":{"line":17,"column":39},"end":{"line":17,"column":48}},{"start":{"line":17,"column":52},"end":{"line":17,"column":67}}]},"2":{"loc":{"start":{"line":23,"column":5},"end":{"line":27,"column":null}},"type":"if","locations":[{"start":{"line":23,"column":5},"end":{"line":27,"column":null}},{"start":{"line":23,"column":5},"end":{"line":27,"column":null}}]},"3":{"loc":{"start":{"line":30,"column":5},"end":{"line":34,"column":null}},"type":"if","locations":[{"start":{"line":30,"column":5},"end":{"line":34,"column":null}},{"start":{"line":30,"column":5},"end":{"line":34,"column":null}}]},"4":{"loc":{"start":{"line":36,"column":12},"end":{"line":40,"column":null}},"type":"if","locations":[{"start":{"line":36,"column":12
[...]
"line":37,"column":16},"end":{"line":41,"column":null}},"22":{"start":{"line":38,"column":20},"end":{"line":38,"column":59}},"23":{"start":{"line":39,"column":20},"end":{"line":39,"column":62}},"24":{"start":{"line":40,"column":20},"end":{"line":40,"column":27}},"25":{"start":{"line":43,"column":16},"end":{"line":43,"column":84}},"26":{"start":{"line":46,"column":12},"end":{"line":50,"column":null}},"27":{"start":{"line":47,"column":16},"end":{"line":47,"column":62}},"28":{"start":{"line":49,"column":16},"end":{"line":49,"column":68}},"29":{"start":{"line":52,"column":12},"end":{"line":52,"column":54}},"30":{"start":{"line":7,"column":0},"end":{"line":7,"column":21}}},"fnMap":{"0":{"name":"(anonymous_0)","decl":{"start":{"line":8,"column":4},"end":{"line":8,"column":16}},"loc":{"start":{"line":8,"column":30},"end":{"line":10,"column":5}}},"1":{"name":"(anonymous_1)","decl":{"start":{"line":12,"column":11},"end":{"line":12,"column":17}},"loc":{"start":{"line":12,"column":17},"end":{"line":54,"column":5}}},"2":{"name":"(anonymous_2)","decl":{"start":{"line":13,"column":70},"end":{"line":13,"column":75}},"loc":{"start":{"line":13,"column":108},"end":{"line":53,"column":9}}}},"branchMap":{"0":{"loc":{"start":{"line":18,"column":12},"end":{"line":22,"column":null}},"type":"if","locations":[{"start":{"line":18,"column":12},"end":{"line":22,"column":null}},{"start":{"line":18,"column":12},"end":{"line":22,"column":null}}]},"1":{"loc":{"start":{"line":24,"column":12},"end":{"line":28,"column":null}},"type":"if","locations":[{"start":{"line":24,"column":12},"end":{"line":28,"column":null}},{"start":{"line":24,"column":12},"end":{"line":28,"column":null}}]},"2":{"loc":{"start":{"line":32,"column":12},"end":{"line":44,"column":null}},"type":"if","locations":[{"start":{"line":32,"column":12},"end":{"line":44,"column":null}},{"start":{"line":32,"column":12},"end":{"line":44,"column":null}}]},"3":{"loc":{"start":{"line":37,"column":16},"end":{"line":41,"column":null}},"type":"if","locations":[{"start":{"line":37,"column":16},"end":{"line":41,"column":null}},{"start":{"line":37,"column":16},"end":{"line":41,"column":null}}]},"4":{"loc":{"start":{"line":46,"column":12},"end":{"line":50,"column":null}},"type":"if","locations":[{"start":{"line":46,"column":12},"end":{"line":50,"column":null}},{"start":{"line":46,"column":12},"end":{"line":50,"column":null}}]}},"s":{"0":1,"1":1,"2":1,"3":1,"4":7,"5":7,"6":7,"7":7,"8":7,"9":7,"10":1,"11":1,"12":1,"13":6,"14":1,"15":1,"16":1,"17":5,"18":5,"19":2,"20":3,"21":3,"22":1,"23":1,"24":1,"25":2,"26":4,"27":2,"28":2,"29":4,"30":1},"f":{"0":7,"1":7,"2":7},"b":{"0":[1,6],"1":[1,5],"2":[2,3],"3":[1,2],"4":[2,2]}}
,"/Users/vylpes/projects/sonar/src/routes/tasks/assigned.ts": {"path":"/Users/vylpes/projects/sonar/src/routes/tasks/assigned.ts","statementMap":{"0":{"start":{"line":2,"column":0},"end":{"line":2,"column":44}},"1":{"start":{"line":3,"column":0},"end":{"line":3,"column":41}},"2":{"start":{"line":4,"column":0},"end":{"line":4,"column":65}},"3":{"start":{"line":8,"column":8},"end":{"line":8,"column":22}},"4":{"start":{"line":12,"column":8},"end":{"line":16,"column":11}},"5":{"start":{"line":13,"column":12},"end":{"line":13,"column":89}},"6":{"start":{"line":15,"column":12},"end":{"line":15,"column":null}},"7":{"start":{"line":6,"column":0},"end":{"line":6,"column":13}}},"fnMap":{"0":{"name":"(anonymous_0)","decl":{"start":{"line":7,"column":4},"end":{"line":7,"column":16}},"loc":{"start":{"line":7,"column":30},"end":{"line":9,"column":5}}},"1":{"name":"(anonymous_1)","decl":{"start":{"line":11,"column":11},"end":{"line":11,"column":16}},"loc":{"start":{"line":11,"column":16},"end":{"line":17,"column":5}}},"2":{"name":"(anonymous_2)","decl":{"start":{"line":12,"column":64},"end":{"line":12,"column":69}},"loc":{"start":{"line":12,"column":102},"end":{"line":16,"column":9}}}},"branchMap":{},"s":{"0":1,"1":1,"2":1,"3":1,"4":1,"5":1,"6":1,"7":1},"f":{"0":1,"1":1,"2":1},"b":{}}
,"/Users/vylpes/projects/sonar/src/routes/tasks/done.ts": {"path":"/Users/vylpes/projects/sonar/src/routes/tasks/done.ts","statementMap":{"0":{"start":{"line":2,"column":0},"end":{"line":2,"column":44}},"1":{"start":{"line":3,"column":0},"end":{"line":3,"column":41}},"2":{"start":{"line":4,"column":0},"end":{"line":4,"column":65}},"3":{"start":{"line":8,"column":8},"end":{"line":8,"column":22}},"4":{"start":{"line":12,"column":8},"end":{"line":29,"column":11}},"5":{"start":{"line":13,"column":31},"end":{"line":13,"column":50}},"6":{"start":{"line":14,"column":25},"end":{"line":14,"column":41}},"7":{"start":{"line":16,"column":12},"end":{"line":20,"column":null}},"8":{"start":{"line":17,"column":16},"end":{"line":17,"column":62}},"9":{"start":{"line":18,"column":16},"end":{"line":18,"column":44}},"10":{"start":{"line":19,"column":16},"end":{"line":19,"column":23}},"11":{"start":{"line":22,"column":27},"end":{"line":22,"column":80}},"12":{"start":{"line":24,"column":12},"end":{"line":26,"column":null}},"13":{"start":{"line":25,"column":16},"end":{"line":25,"column":57}},"14":{"start":{"line":28,"column":12},"end":{"line":28,"column":54}},"15":{"start":{"line":6,"column":0},"end":{"line":6,"column":21}}},"fnMap":{"0":{"name":"(anonymous_0)","decl":{"start":{"line":7,"column":4},"end":{"line":7,"column":16}},"loc":{"start":{"line":7,"column":30},"end":{"line":9,"column":5}}},"1":{"name":"(anonymous_1)","decl":{"start":{"line":11,"column":11},"end":{"line":11,"column":17}},"loc":{"start":{"line":11,"column":17},"end":{"line":30,"column":5}}},"2":{"name":"(anonymous_2)","decl":{"start":{"line":12,"column":61},"end":{"line":12,"column":66}},"loc":{"start":{"line":12,"column":99},"end":{"line":29,"column":9}}}},"branchMap":{"0":{"loc":{"start":{"line":16,"column":12},"end":{"line":20,"column":null}},"type":"if","locations":[{"start":{"line":16,"column":12},"end":{"line":20,"column":null}},{"start":{"line":16,"column":12},"end":{"line":20,"column":null}}]},"1":{"loc":{"start":{"line":24,"column":12},"end":{"line":26,"column":null}},"type":"if","locations":[{"start":{"line":24,"column":12},"end":{"line":26,"column":null}},{"start":{"line":24,"column":12},"end":{"line":26,"column":null}}]}},"s":{"0":1,"1":1,"2":1,"3":3,"4":3,"5":3,"6":3,"7":3,"8":1,"9":1,"10":1,"11":2,"12":2,"13":1,"14":2,"15":1},"f":{"0":3,"1":3,"2":3},"b":{"0":[1,2],"1":[1,1]}}
,"/Users/vylpes/projects/sonar/src/routes/tasks/edit.ts": {"path":"/Users/vylpes/projects/sonar/src/routes/tasks/edit.ts","statementMap":{"0":{"start":{"line":2,"column":0},"end":{"line":2,"column":44}},"1":{"start":{"line":3,"column":0},"end":{"line":3,"column":41}},"2":{"start":{"line":4,"column":0},"end":{"line":4,"column":65}},"3":{"start":{"line":8,"column":8},"end":{"line":8,"column":22}},"4":{"start":{"line":12,"column":8},"end":{"line":36,"column":11}},"5":{"start":{"line":13,"column":31},"end":{"line":13,"column":50}},"6":{"start":{"line":14,"column":25},"end":{"line":14,"column":38}},"7":{"start":{"line":15,"column":32},"end":{"line":15,"column":52}},"8":{"start":{"line":17,"column":12},"end":{"line":21,"column":null}},"9":{"start":{"line":18,"column":16},"end":{"line":18,"column":53}},"10":{"start":{"line":19,"column":16},"end":{"line":19,"column":44}},"11":{"start":{"line":20,"column":16},"end":{"line":20,"column":23}},"12":{"start":{"line":23,"column":12},"end":{"line":27,"column":null}},"13":{"start":{"line":24,"column":16},"end":{"line":24,"column":55}},"14":{"start":{"line":25,"column":16},"end":{"line":25,"column":58}},"15":{"start":{"line":26,"column":16},"end":{"line":26,"column":23}},"16":{"start":{"line":29,"column":27},"end":{"line":29,"column":95}},"17":{"start":{"line":31,"column":12},"end":{"line":33,"column":null}},"18":{"start":{"line":32,"column":16},"end":{"line":32,"column":58}},"19":{"start":{"line":35,"column":12},"end":{"line":35,"column":54}},"20":{"start":{"line":6,"column":0},"end":{"line":6,"column":13}}},"fnMap":{"0":{"name":"(anonymous_0)","decl":{"start":{"line":7,"column":4},"end":{"line":7,"column":16}},"loc":{"start":{"line":7,"column":30},"end":{"line":9,"column":5}}},"1":{"name":"(anonymous_1)","decl":{"start":{"line":11,"column":11},"end":{"line":11,"column":17}},"loc":{"start":{"line":11,"column":17},"end":{"line":37,"column":5}}},"2":{"name":"(anonymous_2)","decl":{"start":{"line":12,"column":61},"end":{"line":12,"column":66}},"loc":{"start":{"line":12,"column":99},"end":{"line":36,"column":9}}}},"branchMap":{"0":{"loc":{"start":{"line":17,"column":12},"end":{"line":21,"column":null}},"type":"if","locations":[{"start":{"line":17,"column":12},"end":{"line":21,"column":null}},{"start":{"line":17,"column":12},"end":{"line":21,"column":null}}]},"1":{"loc":{"start":{"line":23,"column":12},"end":{"line":27,"column":null}},"type":"if","locations":[{"start":{"line":23,"column":12},"end":{"line":27,"column":null}},{"start":{"line":23,"column":12},"end":{"line":27,"column":null}}]},"2":{"loc":{"start":{"line":31,"column":12},"end":{"line":33,"column":null}},"type":"if","locations":[{"start":{"line":31,"column":12},"end":{"line":33,"column":null}},{"start":{"line":31,"column":12},"end":{"line":33,"column":null}}]}},"s":{"0":1,"1":1,"2":1,"3":4,"4":4,"5":4,"6":4,"7":4,"8":4,"9":1,"10":1,"11":1,"12":3,"13":1,"14":1,"15":1,"16":2,"17":2,"18":1,"19":2,"20":1},"f":{"0":4,"1":4,"2":4},"b":{"0":[1,3],"1":[1,2],"2":[1,1]}}
,"/Users/vylpes/projects/sonar/src/routes/tasks/list.ts": {"path":"/Users/vylpes/projects/sonar/src/routes/tasks/list.ts","statementMap":{"0":{"start":{"line":2,"column":0},"end":{"line":2,"column":44}},"1":{"start":{"line":3,"column":0},"end":{"line":3,"column":41}},"2":{"start":{"line":4,"column":0},"end":{"line":4,"column":65}},"3":{"start":{"line":8,"column":8},"end":{"line":8,"column":22}},"4":{"start":{"line":12,"column":8},"end":{"line":16,"column":11}},"5":{"start":{"line":13,"column":12},"end":{"line":13,"column":81}},"6":{"start":{"line":15,"column":12},"end":{"line":15,"column":58}},"7":{"start":{"line":6,"column":0},"end":{"line":6,"column":13}}},"fnMap":{"0":{"name":"(anonymous_0)","decl":{"start":{"line":7,"column":4},"end":{"line":7,"column":16}},"loc":{"start":{"line":7,"column":30},"end":{"line":9,"column":5}}},"1":{"name":"(anonymous_1)","decl":{"start":{"line":11,"column":4},"end":{"line":11,"column":9}},"loc":{"start":{"line":11,"column":9},"end":{"line":17,"column":5}}},"2":{"name":"(anonymous_2)","decl":{"start":{"line":12,"column":60},"end":{"line":12,"column":65}},"loc":{"start":{"line":12,"column":98},"end":{"line":16,"column":9}}}},"branchMap":{},"s":{"0":1,"1":1,"2":1,"3":1,"4":1,"5":1,"6":1,"7":1},"f":{"0":1,"1":1,"2":1},"b":{}}
,"/Users/vylpes/projects/sonar/src/routes/tasks/new.ts": {"path":"/Users/vylpes/projects/sonar/src/routes/tasks/new.ts","statementMap":{"0":{"start":{"line":2,"column":0},"end":{"line":2,"column":44}},"1":{"start":{"line":3,"column":0},"end":{"line":3,"column":47}},"2":{"start":{"line":4,"column":0},"end":{"line":4,"column":41}},"3":{"start":{"line":5,"column":0},"end":{"line":5,"column":65}},"4":{"start":{"line":9,"column":8},"end":{"line":9,"column":22}},"5":{"start":{"line":13,"column":8},"end":{"line":47,"column":11}},"6":{"start":{"line":14,"column":25},"end":{"line":14,"column":38}},"7":{"start":{"line":15,"column":32},"end":{"line":15,"column":52}},"8":{"start":{"line":16,"column":30},"end":{"line":16,"column":46}},"9":{"start":{"line":17,"column":30},"end":{"line":17,"column":48}},"10":{"start":{"line":19,"column":12},"end":{"line":23,"column":null}},"11":{"start":{"line":20,"column":16},"end":{"line":20,"column":56}},"12":{"start":{"line":21,"column":16},"end":{"line":21,"column":44}},"13":{"start":{"line":22,"column":16},"end":{"line":22,"column":23}},"14":{"start":{"line":25,"column":12},"end":{"line":29,"column":null}},"15":{"start":{"line":26,"column":16},"end":{"line":26,"column":55}},"16":{"start":{"line":27,"column":16},"end":{"line":27,"column":60}},"17":{"start":{"line":28,"column":16},"end":{"line":28,"column":23}},"18":{"start":{"line":31,"column":28},"end":{"line":31,"column":81}},"19":{"start":{"line":33,"column":12},"end":{"line":37,"column":null}},"20":{"start":{"line":34,"column":16},"end":{"line":34,"column":56}},"21":{"start":{"line":35,"column":16},"end":{"line":35,"column":44}},"22":{"start":{"line":36,"column":16},"end":{"line":36,"column":23}},"23":{"start":{"line":39,"column":25},"end":{"line":39,"column":85}},"24":{"start":{"line":41,"column":12},"end":{"line":43,"column":null}},"25":{"start":{"line":42,"column":16},"end":{"line":42,"column":60}},"26":{"start":{"line":45,"column":12},"end":{"line":45,"column":62}},"27":{"start":{"line":46,"column":12},"end":{"line":46,"column":19}},"28":{"start":{"line":7,"column":0},"end":{"line":7,"column":13}}},"fnMap":{"0":{"name":"(anonymous_0)","decl":{"start":{"line":8,"column":4},"end":{"line":8,"column":16}},"loc":{"start":{"line":8,"column":30},"end":{"line":10,"column":5}}},"1":{"name":"(anonymous_1)","decl":{"start":{"line":12,"column":11},"end":{"line":12,"column":17}},"loc":{"start":{"line":12,"column":17},"end":{"line":48,"column":5}}},"2":{"name":"(anonymous_2)","decl":{"start":{"line":13,"column":60},"end":{"line":13,"column":65}},"loc":{"start":{"line":13,"column":98},"end":{"line":47,"column":9}}}},"branchMap":{"0":{"loc":{"start":{"line":19,"column":12},"end":{"line":23,"column":null}},"type":"if","locations":[{"start":{"line":19,"column":12},"end":{"line":23,"column":null}},{"start":{"line":19,"column":12},"end":{"line":23,"column":null}}]},"1":{"loc":{"start":{"line":25,"column":12},"end":{"line":29,"column":null}},"type":"if","locations":[{"start":{"line":25,"column":12},"end":{"line":29,"column":null}},{"start":{"line":25,"column":12},"end":{"line":29,"column":null}}]},"2":{"loc":{"start":{"line":33,"column":12},"end":{"line":37,"column":null}},"type":"if","locations":[{"start":{"line":33,"column":12},"end":{"line":37,"column":null}},{"start":{"line":33,"column":12},"end":{"line":37,"column":null}}]},"3":{"loc":{"start":{"line":41,"column":12},"end":{"line":43,"column":null}},"type":"if","locations":[{"start":{"line":41,"column":12},"end":{"line":43,"column":null}},{"start":{"line":41,"column":12},"end":{"line":43,"column":null}}]}},"s":{"0":1,"1":1,"2":1,"3":1,"4":5,"5":5,"6":5,"7":5,"8":5,"9":5,"10":5,"11":1,"12":1,"13":1,"14":4,"15":1,"16":1,"17":1,"18":3,"19":3,"20":1,"21":1,"22":1,"23":2,"24":2,"25":1,"26":2,"27":2,"28":1},"f":{"0":5,"1":5,"2":5},"b":{"0":[1,4],"1":[1,3],"2":[1,2],"3":[1,1]}}
,"/Users/vylpes/projects/sonar/src/routes/user/settings/account.ts": {"path":"/Users/vylpes/projects/sonar/src/routes/user/settings/account.ts","statementMap":{"0":{"start":{"line":2,"column":0},"end":{"line":2,"column":47}},"1":{"start":{"line":3,"column":0},"end":{"line":3,"column":44}},"2":{"start":{"line":4,"column":0},"end":{"line":4,"column":68}},"3":{"start":{"line":8,"column":8},"end":{"line":8,"column":22}},"4":{"start":{"line":12,"column":8},"end":{"line":18,"column":11}},"5":{"start":{"line":13,"column":25},"end":{"line":13,"column":41}},"6":{"start":{"line":15,"column":12},"end":{"line":15,"column":44}},"7":{"start":{"line":17,"column":12},"end":{"line":17,"column":69}},"8":{"start":{"line":22,"column":8},"end":{"line":60,"column":11}},"9":{"start":{"line":23,"column":25},"end":{"line":23,"column":41}},"10":{"start":{"line":24,"column":26},"end":{"line":24,"column":40}},"11":{"start":{"line":25,"column":36},"end":{"line":25,"column":60}},"12":{"start":{"line":26,"column":32},"end":{"line":26,"column":52}},"13":{"start":{"line":27,"column":36},"end":{"line":27,"column":60}},"14":{"start":{"line":28,"column":29},"end":{"line":28,"column":46}},"15":{"start":{"line":30,"column":12},"end":{"line":34,"column":null}},"16":{"start":{"line":31,"column":16},"end":{"line":31,"column":89}},"17":{"start":{"line":32,"column":16},"end":{"line":32,"column":55}},"18":{"start":{"line":33,"column":16},"end":{"line":33,"column":23}},"19":{"start":{"line":36,"column":12},"end":{"line":40,"column":null}},"20":{"start":{"line":37,"column":16},"end":{"line":37,"column":66}},"21":{"start":{"line":38,"column":16},"end":{"line":38,"column":55}},"22":{"start":{"line":39,"column":16},"end":{"line":39,"column":23}},"23":{"start":{"line":42,"column":12},"end":{"line":46,"column":null}},"24":{"start":{"line":43,"column":16},"end":{"line":43,"column":59}},"25":{"start":{"line":44,"column":16},"end":{"line":44,"column":55}},"26":{"start":{"line":45,"column":16},"end":{"line":45,"column":23}},"27":{"start":{"line":48,"column":27},"end":{"line":48,"column":130}},"28":{"start":{"line":50,"column":12},"end":{"line":57,"column":null}},"29":{"start":{"line":51,"column":32},"end":{"line":51,"column":59}},"30":{"start":{"line":52,"column":16},"end":{"line":52,"column":43}},"31":{"start":{"line":54,"column":16},"end":{"line":54,"column":59}},"32":{"start":{"line":56,"column":16},"end":{"line":56,"column":51}},"33":{"start":{"line":59,"column":12},"end":{"line":59,"column":51}},"34":{"start":{"line":6,"column":0},"end":{"line":6,"column":21}}},"fnMap":{"0":{"name":"(anonymous_0)","decl":{"start":{"line":7,"column":4},"end":{"line":7,"column":16}},"loc":{"start":{"line":7,"column":30},"end":{"line":9,"column":5}}},"1":{"name":"(anonymous_1)","decl":{"start":{"line":11,"column":11},"end":{"line":11,"column":16}},"loc":{"start":{"line":11,"column":16},"end":{"line":19,"column":5}}},"2":{"name":"(anonymous_2)","decl":{"start":{"line":12,"column":72},"end":{"line":12,"column":73}},"loc":{"start":{"line":12,"column":104},"end":{"line":18,"column":9}}},"3":{"name":"(anonymous_3)","decl":{"start":{"line":21,"column":11},"end":{"line":21,"column":17}},"loc":{"start":{"line":21,"column":17},"end":{"line":61,"column":5}}},"4":{"name":"(anonymous_4)","decl":{"start":{"line":22,"column":73},"end":{"line":22,"column":78}},"loc":{"start":{"line":22,"column":111},"end":{"line":60,"column":9}}}},"branchMap":{"0":{"loc":{"start":{"line":30,"column":12},"end":{"line":34,"column":null}},"type":"if","locations":[{"start":{"line":30,"column":12},"end":{"line":34,"column":null}},{"start":{"line":30,"column":12},"end":{"line":34,"column":null}}]},"1":{"loc":{"start":{"line":30,"column":16},"end":{"line":30,"column":22}},"type":"binary-expr","locations":[{"start":{"line":30,"column":16},"end":{"line":30,"column":22}},{"start":{"line":30,"column":26},"end":{"line":30,"column":42}},{"start":{"line":30,"column":46},"end":{"line":30,"column":55}}]},"2":{"loc":{"start":{"line":36,"column":12},"end":{"line":40,"column":null}},"type":"if","locations":[{"start":{"line":36,"column":12},"end":{"line":40,"column":null}},{"start":{"line":36,"column":12},"end":{"line":40,"column":null}}]},"3":{"loc":{"start":{"line":42,"column":12},"end":{"line":46,"column":null}},"type":"if","locations":[{"start":{"line":42,"column":12},"end":{"line":46,"column":null}},{"start":{"line":42,"column":12},"end":{"line":46,"column":null}}]},"4":{"loc":{"start":{"line":42,"column":16},"end":{"line":42,"column":27}},"type":"binary-expr","locations":[{"start":{"line":42,"column":16},"end":{"line":42,"column":27}},{"start":{"line":42,"column":32},"end":{"line":42,"column":62}}]},"5":{"loc":{"start":{"line":48,"column":100},"end":{"line":48,"column":111}},"type":"cond-expr","locations":[{"start":{"line":48,"column":100},"end":{"line":48,"column":111}},{"start":{"line":48,"column":114},"end":{"line":48,"column":129}}]},"6":{"loc":{"start":{"line":50,"column":12},"end":{"line":57,"column":null}},"type":"if","locations":[{"start":{"line":50,"column":12},"end":{"line":57,"column":null}},{"start":{"line":50,"column":12},"end":{"line":57,"column":null}}]}},"s":{"0":1,"1":1,"2":1,"3":9,"4":1,"5":1,"6":1,"7":1,"8":8,"9":8,"10":8,"11":8,"12":8,"13":8,"14":8,"15":8,"16":3,"17":3,"18":3,"19":5,"20":1,"21":1,"22":1,"23":4,"24":1,"25":1,"26":1,"27":3,"28":3,"29":2,"30":2,"31":2,"32":1,"33":3,"34":1},"f":{"0":9,"1":1,"2":1,"3":8,"4":8},"b":{"0":[3,5],"1":[8,7,6],"2":[1,4],"3":[1,3],"4":[4,3],"5":[2,1],"6":[2,1]}}
}
