TN:
SF:src/constants/UserProjectRole.ts
FN:1,(anonymous_0)
FN:7,(anonymous_1)
FNF:2
FNH:2
FNDA:20,(anonymous_0)
FNDA:20,(anonymous_1)
DA:1,20
DA:2,20
DA:3,20
DA:4,20
DA:7,20
DA:8,20
DA:9,20
DA:10,20
DA:11,20
DA:12,20
DA:13,20
DA:14,20
DA:15,20
DA:16,20
DA:17,20
LF:15
LH:15
BRDA:1,0,0,20
BRDA:1,0,1,20
BRDA:7,1,0,20
BRDA:7,1,1,20
BRF:4
BRH:4
end_of_record
TN:
SF:src/contracts/IBasicResponse.ts
FN:6,GenerateResponse
FNF:1
FNH:1
FNDA:9,GenerateResponse
DA:6,21
DA:7,9
LF:2
LH:2
BRDA:6,0,0,3
BRF:1
BRH:1
end_of_record
TN:
SF:src/contracts/Page.ts
FN:12,(anonymous_0)
FN:16,(anonymous_1)
FN:20,(anonymous_2)
FN:25,(anonymous_3)
FN:27,(anonymous_4)
FNF:5
FNH:5
FNDA:86,(anonymous_0)
FNDA:85,(anonymous_1)
FNDA:1,(anonymous_2)
FNDA:1,(anonymous_3)
FNDA:1,(anonymous_4)
DA:9,21
DA:13,86
DA:17,85
DA:21,1
DA:22,1
LF:5
LH:5
BRF:0
BRH:0
end_of_record
TN:
SF:src/contracts/Route.ts
FN:10,(anonymous_0)
FN:14,(anonymous_1)
FN:18,(anonymous_2)
FNF:3
FNH:3
FNDA:2,(anonymous_0)
FNDA:2,(anonymous_1)
FNDA:1,(anonymous_2)
DA:1,1
DA:7,1
DA:11,2
DA:15,2
DA:19,1
LF:5
LH:5
BRF:0
BRH:0
end_of_record
TN:
SF:src/entity/Project.ts
FN:10,(anonymous_2)
FN:52,(anonymous_3)
FN:57,(anonymous_4)
FN:63,(anonymous_5)
FN:84,(anonymous_6)
FN:85,(anonymous_7)
FN:95,(anonymous_8)
FN:103,(anonymous_9)
FN:118,(anonymous_10)
FN:140,(anonymous_11)
FN:43,(anonymous_12)
FN:43,(anonymous_13)
FN:46,(anonymous_14)
FN:46,(anonymous_15)
FN:49,(anonymous_16)
FN:49,(anonymous_17)
FNF:16
FNH:10
FNDA:4,(anonymous_2)
FNDA:1,(anonymous_3)
FNDA:1,(anonymous_4)
FNDA:3,(anonymous_5)
FNDA:3,(anonymous_6)
FNDA:3,(anonymous_7)
FNDA:2,(anonymous_8)
FNDA:1,(anonymous_9)
FNDA:3,(anonymous_10)
FNDA:3,(anonymous_11)
FNDA:0,(anonymous_12)
FNDA:0,(anonymous_13)
FNDA:0,(anonymous_14)
FNDA:0,(anonymous_15)
FNDA:0,(anonymous_16)
FNDA:0,(anonymous_17)
DA:1,20
DA:2,20
DA:3,20
DA:4,20
DA:5,20
DA:6,20
DA:9,20
DA:11,4
DA:12,4
DA:13,4
DA:14,4
DA:15,4
DA:16,4
DA:17,4
DA:19,4
DA:23,20
DA:26,20
DA:29,20
DA:32,20
DA:35,20
DA:38,20
DA:41,20
DA:43,0
DA:44,20
DA:46,0
DA:47,20
DA:49,0
DA:50,20
DA:53,1
DA:54,1
DA:58,1
DA:60,1
DA:64,3
DA:65,1
DA:68,2
DA:70,2
DA:72,2
DA:74,2
DA:75,1
DA:78,1
DA:79,1
DA:81,1
DA:85,3
DA:86,3
DA:88,3
DA:90,3
DA:91,3
DA:93,3
DA:95,3
DA:96,2
DA:98,2
DA:104,1
DA:106,1
DA:107,1
DA:109,1
DA:110,1
DA:112,1
DA:113,1
DA:115,1
DA:119,3
DA:120,1
DA:123,2
DA:125,2
DA:127,2
DA:137,2
DA:141,3
DA:142,1
DA:145,2
DA:147,2
DA:149,2
DA:151,2
DA:152,1
DA:155,1
DA:157,1
DA:159,1
DA:161,1
LF:76
LH:73
BRDA:58,0,0,0
BRDA:58,0,1,1
BRDA:64,1,0,1
BRDA:64,1,1,2
BRDA:74,2,0,1
BRDA:74,2,1,1
BRDA:93,3,0,1
BRDA:93,3,1,2
BRDA:96,4,0,1
BRDA:96,4,1,1
BRDA:98,5,0,2
BRDA:98,5,1,0
BRDA:119,6,0,1
BRDA:119,6,1,2
BRDA:141,7,0,1
BRDA:141,7,1,2
BRDA:151,8,0,1
BRDA:151,8,1,1
BRF:18
BRH:16
end_of_record
TN:
SF:src/entity/ProjectUser.ts
FN:9,(anonymous_2)
FN:28,(anonymous_3)
FN:32,(anonymous_4)
FN:93,(anonymous_5)
FN:116,(anonymous_6)
FN:120,(anonymous_7)
FN:142,(anonymous_8)
FN:177,(anonymous_9)
FN:178,(anonymous_10)
FN:200,(anonymous_11)
FN:201,(anonymous_12)
FN:210,(anonymous_13)
FN:22,(anonymous_14)
FN:22,(anonymous_15)
FN:25,(anonymous_16)
FN:25,(anonymous_17)
FNF:16
FNH:12
FNDA:12,(anonymous_2)
FNDA:1,(anonymous_3)
FNDA:6,(anonymous_4)
FNDA:4,(anonymous_5)
FNDA:5,(anonymous_6)
FNDA:4,(anonymous_7)
FNDA:8,(anonymous_8)
FNDA:4,(anonymous_9)
FNDA:4,(anonymous_10)
FNDA:6,(anonymous_11)
FNDA:11,(anonymous_12)
FNDA:7,(anonymous_13)
FNDA:0,(anonymous_14)
FNDA:0,(anonymous_15)
FNDA:0,(anonymous_16)
FNDA:0,(anonymous_17)
DA:1,20
DA:2,20
DA:3,20
DA:4,20
DA:5,20
DA:8,20
DA:10,12
DA:11,12
DA:12,12
DA:13,12
DA:17,20
DA:20,20
DA:22,0
DA:23,20
DA:25,0
DA:26,20
DA:29,1
DA:33,6
DA:35,6
DA:36,6
DA:37,6
DA:39,6
DA:40,6
DA:42,6
DA:43,2
DA:46,4
DA:48,4
DA:49,1
DA:52,3
DA:54,3
DA:56,1
DA:63,1
DA:65,1
DA:77,2
DA:90,3
DA:94,4
DA:96,4
DA:97,4
DA:98,4
DA:100,4
DA:101,4
DA:103,4
DA:104,2
DA:107,2
DA:109,2
DA:110,1
DA:113,1
DA:117,5
DA:121,4
DA:122,1
DA:125,3
DA:127,3
DA:129,3
DA:130,3
DA:132,3
DA:133,2
DA:136,1
DA:137,1
DA:139,1
DA:143,8
DA:144,1
DA:147,7
DA:149,7
DA:151,7
DA:153,7
DA:154,7
DA:156,7
DA:157,2
DA:160,5
DA:162,5
DA:164,5
DA:165,2
DA:168,3
DA:169,2
DA:172,1
DA:174,1
DA:178,4
DA:179,4
DA:180,1
DA:181,1
DA:184,3
DA:186,3
DA:187,3
DA:189,3
DA:191,3
DA:192,1
DA:193,1
DA:196,2
DA:198,2
DA:200,2
DA:201,11
DA:202,1
DA:205,6
DA:211,7
DA:212,1
DA:215,6
DA:216,1
DA:219,5
DA:221,5
DA:223,5
DA:224,5
DA:226,5
DA:227,2
DA:230,3
DA:232,3
DA:233,1
DA:238,2
DA:240,1
DA:241,1
DA:243,1
DA:244,1
DA:247,2
DA:248,2
DA:250,2
LF:114
LH:112
BRDA:42,0,0,2
BRDA:42,0,1,4
BRDA:42,1,0,6
BRDA:42,1,1,5
BRDA:48,2,0,1
BRDA:48,2,1,3
BRDA:55,3,0,1
BRDA:55,3,1,1
BRDA:55,3,2,2
BRDA:103,4,0,2
BRDA:103,4,1,2
BRDA:103,5,0,4
BRDA:103,5,1,3
BRDA:109,6,0,1
BRDA:109,6,1,1
BRDA:109,7,0,2
BRDA:109,7,1,2
BRDA:121,8,0,1
BRDA:121,8,1,3
BRDA:132,9,0,2
BRDA:132,9,1,1
BRDA:132,10,0,3
BRDA:132,10,1,2
BRDA:143,11,0,1
BRDA:143,11,1,7
BRDA:147,12,0,0
BRDA:147,12,1,7
BRDA:156,13,0,2
BRDA:156,13,1,5
BRDA:156,14,0,7
BRDA:156,14,1,6
BRDA:164,15,0,2
BRDA:164,15,1,3
BRDA:164,16,0,5
BRDA:164,16,1,4
BRDA:168,17,0,2
BRDA:168,17,1,1
BRDA:168,18,0,3
BRDA:168,18,1,2
BRDA:168,18,2,2
BRDA:179,19,0,1
BRDA:179,19,1,3
BRDA:191,20,0,1
BRDA:191,20,1,2
BRDA:201,21,0,1
BRDA:201,21,1,5
BRDA:205,22,0,2
BRDA:205,22,1,4
BRDA:211,23,0,1
BRDA:211,23,1,6
BRDA:215,24,0,1
BRDA:215,24,1,5
BRDA:226,25,0,2
BRDA:226,25,1,3
BRDA:226,26,0,5
BRDA:226,26,1,4
BRDA:232,27,0,1
BRDA:232,27,1,2
BRDA:239,28,0,1
BRDA:239,28,1,1
BRF:60
BRH:59
end_of_record
TN:
SF:src/entity/Task.ts
FN:10,(anonymous_2)
FN:60,(anonymous_3)
FN:65,(anonymous_4)
FN:69,(anonymous_5)
FN:73,(anonymous_6)
FN:77,(anonymous_7)
FN:81,(anonymous_8)
FN:96,(anonymous_9)
FN:97,(anonymous_10)
FN:102,(anonymous_11)
FN:116,(anonymous_12)
FN:134,(anonymous_13)
FN:161,(anonymous_14)
FN:166,(anonymous_15)
FN:192,(anonymous_16)
FN:214,(anonymous_17)
FN:240,(anonymous_18)
FN:262,(anonymous_19)
FN:45,(anonymous_20)
FN:45,(anonymous_21)
FN:48,(anonymous_22)
FN:48,(anonymous_23)
FN:51,(anonymous_24)
FN:51,(anonymous_25)
FN:54,(anonymous_26)
FN:54,(anonymous_27)
FN:57,(anonymous_28)
FN:57,(anonymous_29)
FNF:28
FNH:18
FNDA:7,(anonymous_2)
FNDA:1,(anonymous_3)
FNDA:1,(anonymous_4)
FNDA:1,(anonymous_5)
FNDA:1,(anonymous_6)
FNDA:1,(anonymous_7)
FNDA:1,(anonymous_8)
FNDA:2,(anonymous_9)
FNDA:2,(anonymous_10)
FNDA:2,(anonymous_11)
FNDA:2,(anonymous_12)
FNDA:4,(anonymous_13)
FNDA:1,(anonymous_14)
FNDA:5,(anonymous_15)
FNDA:3,(anonymous_16)
FNDA:4,(anonymous_17)
FNDA:3,(anonymous_18)
FNDA:3,(anonymous_19)
FNDA:0,(anonymous_20)
FNDA:0,(anonymous_21)
FNDA:0,(anonymous_22)
FNDA:0,(anonymous_23)
FNDA:0,(anonymous_24)
FNDA:0,(anonymous_25)
FNDA:0,(anonymous_26)
FNDA:0,(anonymous_27)
FNDA:0,(anonymous_28)
FNDA:0,(anonymous_29)
DA:1,20
DA:2,20
DA:3,20
DA:4,20
DA:5,20
DA:6,20
DA:9,20
DA:11,7
DA:12,7
DA:13,7
DA:14,7
DA:15,7
DA:16,7
DA:17,7
DA:18,7
DA:19,7
DA:20,7
DA:21,7
DA:25,20
DA:28,20
DA:31,20
DA:34,20
DA:37,20
DA:40,20
DA:43,20
DA:45,0
DA:46,20
DA:48,0
DA:49,20
DA:51,0
DA:52,20
DA:54,0
DA:55,20
DA:57,0
DA:58,20
DA:61,1
DA:62,1
DA:66,1
DA:70,1
DA:74,1
DA:78,1
DA:82,1
DA:84,1
DA:86,1
DA:96,2
DA:97,2
DA:99,1
DA:103,2
DA:105,2
DA:107,2
DA:109,2
DA:110,1
DA:113,1
DA:117,2
DA:118,1
DA:121,1
DA:123,1
DA:125,1
DA:127,1
DA:129,1
DA:131,1
DA:135,4
DA:136,4
DA:138,4
DA:140,4
DA:142,4
DA:153,4
DA:154,2
DA:157,2
DA:158,1
DA:161,1
DA:163,1
DA:167,5
DA:168,2
DA:171,3
DA:173,3
DA:175,3
DA:177,3
DA:178,1
DA:181,2
DA:182,1
DA:185,1
DA:187,1
DA:189,1
DA:193,3
DA:195,3
DA:197,3
DA:199,3
DA:200,1
DA:203,2
DA:204,1
DA:207,1
DA:209,1
DA:211,1
DA:215,4
DA:217,4
DA:219,4
DA:221,4
DA:222,1
DA:225,3
DA:226,1
DA:229,2
DA:230,1
DA:233,1
DA:235,1
DA:237,1
DA:241,3
DA:243,3
DA:245,3
DA:247,3
DA:248,1
DA:251,2
DA:252,1
DA:255,1
DA:257,1
DA:259,1
DA:263,3
DA:265,3
DA:267,3
DA:269,3
DA:270,1
DA:273,2
DA:274,1
DA:277,1
DA:279,1
DA:281,1
LF:126
LH:121
BRDA:109,0,0,1
BRDA:109,0,1,1
BRDA:117,1,0,1
BRDA:117,1,1,1
BRDA:153,2,0,2
BRDA:153,2,1,2
BRDA:157,3,0,1
BRDA:157,3,1,1
BRDA:167,4,0,2
BRDA:167,4,1,3
BRDA:167,5,0,5
BRDA:167,5,1,4
BRDA:177,6,0,1
BRDA:177,6,1,2
BRDA:181,7,0,1
BRDA:181,7,1,1
BRDA:199,8,0,1
BRDA:199,8,1,2
BRDA:203,9,0,1
BRDA:203,9,1,1
BRDA:221,10,0,1
BRDA:221,10,1,3
BRDA:225,11,0,1
BRDA:225,11,1,2
BRDA:229,12,0,1
BRDA:229,12,1,1
BRDA:247,13,0,1
BRDA:247,13,1,2
BRDA:251,14,0,1
BRDA:251,14,1,1
BRDA:269,15,0,1
BRDA:269,15,1,2
BRDA:273,16,0,1
BRDA:273,16,1,1
BRF:34
BRH:34
end_of_record
TN:
SF:src/entity/User.ts
FN:11,(anonymous_2)
FN:54,(anonymous_3)
FN:60,(anonymous_4)
FN:76,(anonymous_5)
FN:114,(anonymous_6)
FN:122,(anonymous_7)
FN:130,(anonymous_8)
FN:138,(anonymous_9)
FN:42,(anonymous_10)
FN:42,(anonymous_11)
FN:45,(anonymous_12)
FN:45,(anonymous_13)
FN:48,(anonymous_14)
FN:48,(anonymous_15)
FN:51,(anonymous_16)
FN:51,(anonymous_17)
FNF:16
FNH:8
FNDA:4,(anonymous_2)
FNDA:1,(anonymous_3)
FNDA:3,(anonymous_4)
FNDA:6,(anonymous_5)
FNDA:2,(anonymous_6)
FNDA:2,(anonymous_7)
FNDA:2,(anonymous_8)
FNDA:5,(anonymous_9)
FNDA:0,(anonymous_10)
FNDA:0,(anonymous_11)
FNDA:0,(anonymous_12)
FNDA:0,(anonymous_13)
FNDA:0,(anonymous_14)
FNDA:0,(anonymous_15)
FNDA:0,(anonymous_16)
FNDA:0,(anonymous_17)
DA:1,20
DA:2,20
DA:3,20
DA:4,20
DA:5,20
DA:6,20
DA:7,20
DA:10,20
DA:12,4
DA:13,4
DA:14,4
DA:15,4
DA:16,4
DA:17,4
DA:18,4
DA:22,20
DA:25,20
DA:28,20
DA:31,20
DA:34,20
DA:37,20
DA:40,20
DA:42,0
DA:43,20
DA:45,0
DA:46,20
DA:48,0
DA:49,20
DA:51,0
DA:52,20
DA:55,1
DA:56,1
DA:57,1
DA:61,3
DA:63,3
DA:65,3
DA:67,3
DA:68,1
DA:71,2
DA:73,2
DA:77,6
DA:78,1
DA:81,5
DA:82,1
DA:85,4
DA:87,4
DA:89,4
DA:91,4
DA:92,1
DA:95,3
DA:97,3
DA:98,1
DA:101,2
DA:103,2
DA:105,2
DA:107,2
DA:109,2
DA:111,2
DA:115,2
DA:117,2
DA:119,2
DA:123,2
DA:125,2
DA:127,2
DA:131,2
DA:133,2
DA:135,2
DA:139,5
DA:141,5
DA:143,5
DA:145,5
DA:146,1
DA:149,4
DA:150,4
DA:152,4
DA:153,1
DA:156,3
DA:157,1
DA:160,2
DA:161,1
DA:164,1
DA:166,1
DA:168,1
DA:170,1
LF:84
LH:80
BRDA:67,0,0,1
BRDA:67,0,1,2
BRDA:77,1,0,1
BRDA:77,1,1,5
BRDA:81,2,0,1
BRDA:81,2,1,4
BRDA:91,3,0,1
BRDA:91,3,1,3
BRDA:97,4,0,1
BRDA:97,4,1,2
BRDA:145,5,0,1
BRDA:145,5,1,4
BRDA:152,6,0,1
BRDA:152,6,1,3
BRDA:152,7,0,4
BRDA:152,7,1,4
BRDA:156,8,0,1
BRDA:156,8,1,2
BRDA:156,9,0,3
BRDA:156,9,1,3
BRDA:160,10,0,1
BRDA:160,10,1,1
BRF:22
BRH:22
end_of_record
TN:
SF:src/middleware/pugMiddleware.ts
FN:4,(anonymous_0)
FNF:1
FNH:1
FNDA:1,(anonymous_0)
DA:3,1
DA:5,1
DA:13,1
LF:3
LH:3
BRF:0
BRH:0
end_of_record
TN:
SF:src/middleware/userMiddleware.ts
FN:4,(anonymous_0)
FNF:1
FNH:1
FNDA:2,(anonymous_0)
DA:3,17
DA:5,2
DA:6,1
DA:8,1
DA:9,1
LF:5
LH:5
BRDA:5,0,0,1
BRDA:5,0,1,1
BRF:2
BRH:2
end_of_record
TN:
SF:src/routes/auth/login.ts
FN:6,(anonymous_0)
FN:10,(anonymous_1)
FN:11,(anonymous_2)
FN:21,(anonymous_3)
FN:22,(anonymous_4)
FN:33,(anonymous_5)
FNF:6
FNH:6
FNDA:6,(anonymous_0)
FNDA:2,(anonymous_1)
FNDA:2,(anonymous_2)
FNDA:4,(anonymous_3)
FNDA:4,(anonymous_4)
FNDA:1,(anonymous_5)
DA:2,1
DA:3,1
DA:5,1
DA:7,6
DA:11,2
DA:12,2
DA:13,1
DA:14,1
DA:17,1
DA:22,4
DA:23,4
DA:24,4
DA:26,4
DA:27,2
DA:28,2
DA:29,2
DA:32,2
DA:33,1
DA:34,1
DA:36,1
DA:38,1
DA:41,1
DA:42,1
LF:23
LH:23
BRDA:12,0,0,1
BRDA:12,0,1,1
BRDA:26,1,0,2
BRDA:26,1,1,2
BRDA:26,2,0,4
BRDA:26,2,1,3
BRDA:32,3,0,1
BRDA:32,3,1,1
BRF:8
BRH:8
end_of_record
TN:
SF:src/routes/auth/logout.ts
FN:5,(anonymous_0)
FN:9,(anonymous_1)
FN:10,(anonymous_2)
FN:11,(anonymous_3)
FNF:4
FNH:4
FNDA:1,(anonymous_0)
FNDA:1,(anonymous_1)
FNDA:1,(anonymous_2)
FNDA:1,(anonymous_3)
DA:2,1
DA:4,1
DA:6,1
DA:10,1
DA:11,1
DA:12,1
LF:6
LH:6
BRF:0
BRH:0
end_of_record
TN:
SF:src/routes/auth/register.ts
FN:6,(anonymous_0)
FN:10,(anonymous_1)
FN:11,(anonymous_2)
FNF:3
FNH:3
FNDA:8,(anonymous_0)
FNDA:8,(anonymous_1)
FNDA:8,(anonymous_2)
DA:2,1
DA:3,1
DA:5,1
DA:7,8
DA:11,8
DA:12,8
DA:13,8
DA:14,8
DA:15,8
DA:17,8
DA:18,4
DA:19,4
DA:20,4
DA:23,4
DA:24,1
DA:25,1
DA:26,1
DA:30,3
DA:31,1
DA:32,1
DA:33,1
DA:36,2
DA:37,1
DA:38,1
DA:39,1
DA:42,1
DA:43,1
LF:27
LH:27
BRDA:17,0,0,4
BRDA:17,0,1,4
BRDA:17,1,0,8
BRDA:17,1,1,7
BRDA:17,1,2,6
BRDA:17,1,3,5
BRDA:23,2,0,1
BRDA:23,2,1,3
BRDA:30,3,0,1
BRDA:30,3,1,2
BRDA:36,4,0,1
BRDA:36,4,1,1
BRF:12
BRH:12
end_of_record
TN:
SF:src/routes/dashboard/index.ts
FN:6,(anonymous_0)
FN:10,(anonymous_1)
FN:11,(anonymous_2)
FNF:3
FNH:3
FNDA:1,(anonymous_0)
FNDA:1,(anonymous_1)
FNDA:1,(anonymous_2)
DA:2,1
DA:3,1
DA:5,1
DA:7,1
DA:11,1
DA:12,1
LF:6
LH:6
BRF:0
BRH:0
end_of_record
TN:
SF:src/routes/index/index.ts
FN:5,(anonymous_0)
FN:9,(anonymous_1)
FN:10,(anonymous_2)
FNF:3
FNH:3
FNDA:2,(anonymous_0)
FNDA:2,(anonymous_1)
FNDA:2,(anonymous_2)
DA:2,1
DA:4,1
DA:6,2
DA:10,2
DA:11,2
DA:12,1
DA:15,2
LF:7
LH:7
BRDA:11,0,0,1
BRDA:11,0,1,1
BRF:2
BRH:2
end_of_record
TN:
SF:src/routes/projects/list.ts
FN:7,(anonymous_0)
FN:11,(anonymous_1)
FN:12,(anonymous_2)
FNF:3
FNH:3
FNDA:1,(anonymous_0)
FNDA:1,(anonymous_1)
FNDA:1,(anonymous_2)
DA:2,1
DA:3,1
DA:4,1
DA:6,1
DA:8,1
DA:12,1
DA:13,1
DA:15,1
LF:8
LH:8
BRF:0
BRH:0
end_of_record
TN:
SF:src/routes/projects/new.ts
FN:7,(anonymous_0)
FN:11,(anonymous_1)
FN:12,(anonymous_2)
FNF:3
FNH:3
FNDA:6,(anonymous_0)
FNDA:6,(anonymous_1)
FNDA:6,(anonymous_2)
DA:2,1
DA:3,1
DA:4,1
DA:6,1
DA:8,6
DA:12,6
DA:13,6
DA:14,6
DA:15,6
DA:17,6
DA:18,1
DA:19,1
DA:20,1
DA:23,5
DA:25,5
DA:26,1
DA:27,1
DA:28,1
DA:31,4
DA:32,4
LF:20
LH:20
BRDA:17,0,0,1
BRDA:17,0,1,5
BRDA:17,1,0,6
BRDA:17,1,1,5
BRDA:17,1,2,5
BRDA:25,2,0,1
BRDA:25,2,1,4
BRF:7
BRH:7
end_of_record
TN:
SF:src/routes/projects/tasks.ts
FN:9,(anonymous_0)
FN:13,(anonymous_1)
FN:14,(anonymous_2)
FNF:3
FNH:3
FNDA:3,(anonymous_0)
FNDA:3,(anonymous_1)
FNDA:3,(anonymous_2)
DA:2,1
DA:3,1
DA:4,1
DA:5,1
DA:6,1
DA:8,1
DA:10,3
DA:14,3
DA:15,3
DA:17,3
DA:18,1
DA:19,1
DA:20,1
DA:23,2
DA:25,2
DA:26,1
DA:27,1
DA:28,1
DA:31,1
DA:32,1
DA:33,1
DA:34,1
DA:35,1
DA:36,1
DA:38,1
LF:25
LH:25
BRDA:17,0,0,1
BRDA:17,0,1,2
BRDA:25,1,0,1
BRDA:25,1,1,1
BRDA:25,2,0,2
BRDA:25,2,1,1
BRDA:36,3,0,1
BRDA:36,3,1,1
BRF:8
BRH:8
end_of_record
TN:
SF:src/routes/projects/view.ts
FN:9,(anonymous_0)
FN:13,(anonymous_1)
FN:14,(anonymous_2)
FNF:3
FNH:3
FNDA:3,(anonymous_0)
FNDA:3,(anonymous_1)
FNDA:3,(anonymous_2)
DA:2,1
DA:3,1
DA:4,1
DA:5,1
DA:6,1
DA:8,1
DA:10,3
DA:14,3
DA:15,3
DA:17,3
DA:18,1
DA:19,1
DA:20,1
DA:23,2
DA:24,1
DA:25,1
DA:26,1
DA:29,1
DA:31,1
DA:32,1
DA:33,1
DA:34,1
DA:35,1
DA:37,1
LF:24
LH:24
BRDA:17,0,0,1
BRDA:17,0,1,2
BRDA:23,1,0,1
BRDA:23,1,1,1
BRF:4
BRH:4
end_of_record
TN:
SF:src/routes/projects/assign/assign.ts
FN:8,(anonymous_0)
FN:12,(anonymous_1)
FN:13,(anonymous_2)
FNF:3
FNH:3
FNDA:5,(anonymous_0)
FNDA:5,(anonymous_1)
FNDA:5,(anonymous_2)
DA:1,1
DA:2,1
DA:4,1
DA:5,1
DA:7,1
DA:9,5
DA:13,5
DA:14,5
DA:15,5
DA:16,5
DA:18,5
DA:19,1
DA:20,1
DA:21,1
DA:24,4
DA:26,1
DA:27,1
DA:28,1
DA:31,3
DA:32,1
DA:33,1
DA:34,1
DA:37,2
DA:39,2
DA:40,1
DA:42,1
DA:45,2
LF:27
LH:27
BRDA:18,0,0,1
BRDA:18,0,1,4
BRDA:24,1,0,1
BRDA:24,1,1,3
BRDA:31,2,0,1
BRDA:31,2,1,2
BRDA:39,3,0,1
BRDA:39,3,1,1
BRF:8
BRH:8
end_of_record
TN:
SF:src/routes/projects/assign/unassign.ts
FN:8,(anonymous_0)
FN:12,(anonymous_1)
FN:13,(anonymous_2)
FNF:3
FNH:3
FNDA:5,(anonymous_0)
FNDA:5,(anonymous_1)
FNDA:5,(anonymous_2)
DA:2,1
DA:3,1
DA:4,1
DA:5,1
DA:7,1
DA:9,5
DA:13,5
DA:14,5
DA:15,5
DA:16,5
DA:18,5
DA:19,1
DA:20,1
DA:21,1
DA:24,4
DA:25,1
DA:26,1
DA:27,1
DA:30,3
DA:31,1
DA:32,1
DA:33,1
DA:36,2
DA:38,2
DA:39,1
DA:41,1
DA:44,2
LF:27
LH:27
BRDA:18,0,0,1
BRDA:18,0,1,4
BRDA:24,1,0,1
BRDA:24,1,1,3
BRDA:30,2,0,1
BRDA:30,2,1,2
BRDA:38,3,0,1
BRDA:38,3,1,1
BRF:8
BRH:8
end_of_record
TN:
SF:src/routes/projects/settings/general.ts
FN:9,(anonymous_0)
FN:13,(anonymous_1)
FN:14,(anonymous_2)
FN:43,(anonymous_3)
FN:44,(anonymous_4)
FNF:5
FNH:5
FNDA:10,(anonymous_0)
FNDA:4,(anonymous_1)
FNDA:4,(anonymous_2)
FNDA:6,(anonymous_3)
FNDA:6,(anonymous_4)
DA:1,1
DA:3,1
DA:4,1
DA:5,1
DA:6,1
DA:8,1
DA:10,10
DA:14,4
DA:15,4
DA:17,4
DA:18,1
DA:19,1
DA:20,1
DA:23,3
DA:24,1
DA:25,1
DA:26,1
DA:29,2
DA:31,2
DA:32,1
DA:33,1
DA:34,1
DA:37,1
DA:39,1
DA:44,6
DA:45,6
DA:46,6
DA:47,6
DA:49,6
DA:50,1
DA:51,1
DA:52,1
DA:55,5
DA:56,1
DA:57,1
DA:58,1
DA:61,4
DA:62,2
DA:63,2
DA:64,2
DA:67,2
DA:69,2
DA:70,1
DA:72,1
DA:75,2
LF:45
LH:45
BRDA:17,0,0,1
BRDA:17,0,1,3
BRDA:23,1,0,1
BRDA:23,1,1,2
BRDA:31,2,0,1
BRDA:31,2,1,1
BRDA:49,3,0,1
BRDA:49,3,1,5
BRDA:55,4,0,1
BRDA:55,4,1,4
BRDA:61,5,0,2
BRDA:61,5,1,2
BRDA:61,6,0,4
BRDA:61,6,1,3
BRDA:69,7,0,1
BRDA:69,7,1,1
BRF:16
BRH:16
end_of_record
TN:
SF:src/routes/tasks/archive.ts
FN:7,(anonymous_0)
FN:11,(anonymous_1)
FN:12,(anonymous_2)
FNF:3
FNH:3
FNDA:3,(anonymous_0)
FNDA:3,(anonymous_1)
FNDA:3,(anonymous_2)
DA:2,1
DA:3,1
DA:4,1
DA:6,1
DA:8,3
DA:12,3
DA:13,3
DA:14,3
DA:16,3
DA:17,1
DA:18,1
DA:19,1
DA:22,2
DA:24,2
DA:25,1
DA:28,2
LF:16
LH:16
BRDA:16,0,0,1
BRDA:16,0,1,2
BRDA:24,1,0,1
BRDA:24,1,1,1
BRF:4
BRH:4
end_of_record
TN:
SF:src/routes/tasks/assign.ts
FN:8,(anonymous_0)
FN:12,(anonymous_1)
FN:13,(anonymous_2)
FNF:3
FNH:3
FNDA:7,(anonymous_0)
FNDA:7,(anonymous_1)
FNDA:7,(anonymous_2)
DA:2,1
DA:3,1
DA:4,1
DA:5,1
DA:7,1
DA:9,7
DA:13,7
DA:14,7
DA:15,7
DA:16,7
DA:18,7
DA:19,1
DA:20,1
DA:21,1
DA:24,6
DA:25,1
DA:26,1
DA:27,1
DA:30,5
DA:32,5
DA:33,2
DA:35,3
DA:37,3
DA:38,1
DA:39,1
DA:40,1
DA:43,2
DA:46,4
DA:47,2
DA:49,2
DA:52,4
LF:31
LH:31
BRDA:18,0,0,1
BRDA:18,0,1,6
BRDA:24,1,0,1
BRDA:24,1,1,5
BRDA:32,2,0,2
BRDA:32,2,1,3
BRDA:37,3,0,1
BRDA:37,3,1,2
BRDA:46,4,0,2
BRDA:46,4,1,2
BRF:10
BRH:10
end_of_record
TN:
SF:src/routes/tasks/assigned.ts
FN:7,(anonymous_0)
FN:11,(anonymous_1)
FN:12,(anonymous_2)
FNF:3
FNH:3
FNDA:1,(anonymous_0)
FNDA:1,(anonymous_1)
FNDA:1,(anonymous_2)
DA:2,1
DA:3,1
DA:4,1
DA:6,1
DA:8,1
DA:12,1
DA:13,1
DA:15,1
LF:8
LH:8
BRF:0
BRH:0
end_of_record
TN:
SF:src/routes/tasks/done.ts
FN:7,(anonymous_0)
FN:11,(anonymous_1)
FN:12,(anonymous_2)
FNF:3
FNH:3
FNDA:3,(anonymous_0)
FNDA:3,(anonymous_1)
FNDA:3,(anonymous_2)
DA:2,1
DA:3,1
DA:4,1
DA:6,1
DA:8,3
DA:12,3
DA:13,3
DA:14,3
DA:16,3
DA:17,1
DA:18,1
DA:19,1
DA:22,2
DA:24,2
DA:25,1
DA:28,2
LF:16
LH:16
BRDA:16,0,0,1
BRDA:16,0,1,2
BRDA:24,1,0,1
BRDA:24,1,1,1
BRF:4
BRH:4
end_of_record
TN:
SF:src/routes/tasks/edit.ts
FN:7,(anonymous_0)
FN:11,(anonymous_1)
FN:12,(anonymous_2)
FNF:3
FNH:3
FNDA:4,(anonymous_0)
FNDA:4,(anonymous_1)
FNDA:4,(anonymous_2)
DA:2,1
DA:3,1
DA:4,1
DA:6,1
DA:8,4
DA:12,4
DA:13,4
DA:14,4
DA:15,4
DA:17,4
DA:18,1
DA:19,1
DA:20,1
DA:23,3
DA:24,1
DA:25,1
DA:26,1
DA:29,2
DA:31,2
DA:32,1
DA:35,2
LF:21
LH:21
BRDA:17,0,0,1
BRDA:17,0,1,3
BRDA:23,1,0,1
BRDA:23,1,1,2
BRDA:31,2,0,1
BRDA:31,2,1,1
BRF:6
BRH:6
end_of_record
TN:
SF:src/routes/tasks/list.ts
FN:7,(anonymous_0)
FN:11,(anonymous_1)
FN:12,(anonymous_2)
FNF:3
FNH:3
FNDA:1,(anonymous_0)
FNDA:1,(anonymous_1)
FNDA:1,(anonymous_2)
DA:2,1
DA:3,1
DA:4,1
DA:6,1
DA:8,1
DA:12,1
DA:13,1
DA:15,1
LF:8
LH:8
BRF:0
BRH:0
end_of_record
TN:
SF:src/routes/tasks/new.ts
FN:8,(anonymous_0)
FN:12,(anonymous_1)
FN:13,(anonymous_2)
FNF:3
FNH:3
FNDA:5,(anonymous_0)
FNDA:5,(anonymous_1)
FNDA:5,(anonymous_2)
DA:2,1
DA:3,1
DA:4,1
DA:5,1
DA:7,1
DA:9,5
DA:13,5
DA:14,5
DA:15,5
DA:16,5
DA:17,5
DA:19,5
DA:20,1
DA:21,1
DA:22,1
DA:25,4
DA:26,1
DA:27,1
DA:28,1
DA:31,3
DA:33,3
DA:34,1
DA:35,1
DA:36,1
DA:39,2
DA:41,2
DA:42,1
DA:45,2
DA:46,2
LF:29
LH:29
BRDA:19,0,0,1
BRDA:19,0,1,4
BRDA:25,1,0,1
BRDA:25,1,1,3
BRDA:33,2,0,1
BRDA:33,2,1,2
BRDA:41,3,0,1
BRDA:41,3,1,1
BRF:8
BRH:8
end_of_record
TN:
SF:src/routes/user/settings/account.ts
FN:7,(anonymous_0)
FN:11,(anonymous_1)
FN:12,(anonymous_2)
FN:21,(anonymous_3)
FN:22,(anonymous_4)
FNF:5
FNH:5
FNDA:9,(anonymous_0)
FNDA:1,(anonymous_1)
FNDA:1,(anonymous_2)
FNDA:8,(anonymous_3)
FNDA:8,(anonymous_4)
DA:2,1
DA:3,1
DA:4,1
DA:6,1
DA:8,9
DA:12,1
DA:13,1
DA:15,1
DA:17,1
DA:22,8
DA:23,8
DA:24,8
DA:25,8
DA:26,8
DA:27,8
DA:28,8
DA:30,8
DA:31,3
DA:32,3
DA:33,3
DA:36,5
DA:37,1
DA:38,1
DA:39,1
DA:42,4
DA:43,1
DA:44,1
DA:45,1
DA:48,3
DA:50,3
DA:51,2
DA:52,2
DA:54,2
DA:56,1
DA:59,3
LF:35
LH:35
BRDA:30,0,0,3
BRDA:30,0,1,5
BRDA:30,1,0,8
BRDA:30,1,1,7
BRDA:30,1,2,6
BRDA:36,2,0,1
BRDA:36,2,1,4
BRDA:42,3,0,1
BRDA:42,3,1,3
BRDA:42,4,0,4
BRDA:42,4,1,3
BRDA:48,5,0,2
BRDA:48,5,1,1
BRDA:50,6,0,2
BRDA:50,6,1,1
BRF:15
BRH:15
end_of_record
